[2025-08-18 19:20:33 UTC+02:00] [349920] [TweakDB::SetFlat] Type for <TDBID:ABB3F936:36> is ambiguous, use third parameter to specify the type
[2025-08-18 19:20:33 UTC+02:00] [349920] [TweakDB::SetFlat] Type for <TDBID:D6990AE1:3C> is ambiguous, use third parameter to specify the type
[2025-08-18 19:20:33 UTC+02:00] [349920] [TweakDB::SetFlat] Type for <TDBID:44869FD9:45> is ambiguous, use third parameter to specify the type
[2025-08-18 19:20:33 UTC+02:00] [349920] [TweakDB::SetFlat] Type for <TDBID:42B2BE55:4B> is ambiguous, use third parameter to specify the type
[2025-08-18 19:20:33 UTC+02:00] [349920] [TweakDB::SetFlat] Type for <TDBID:E3F40A66:31> is ambiguous, use third parameter to specify the type
[2025-08-18 19:20:33 UTC+02:00] [349920] [TweakDB::SetFlat] Type for <TDBID:ADC99467:37> is ambiguous, use third parameter to specify the type
[2025-08-18 19:20:33 UTC+02:00] [349920] [TweakDB::SetFlat] Type for <TDBID:36AA4404:39> is ambiguous, use third parameter to specify the type
[2025-08-18 19:20:33 UTC+02:00] [349920] [TweakDB::SetFlat] Type for <TDBID:AFA65354:3F> is ambiguous, use third parameter to specify the type
[2025-08-18 19:20:33 UTC+02:00] [349920] [TweakDB::SetFlat] Type for <TDBID:EF62855B:38> is ambiguous, use third parameter to specify the type
[2025-08-18 19:20:33 UTC+02:00] [349920] [TweakDB::SetFlat] Type for <TDBID:B7AAE04B:3E> is ambiguous, use third parameter to specify the type
[2025-08-18 19:20:33 UTC+02:00] [349920] [TweakDB::SetFlat] Type for <TDBID:6228A1BD:37> is ambiguous, use third parameter to specify the type
[2025-08-18 19:20:33 UTC+02:00] [349920] [TweakDB::SetFlat] Type for <TDBID:5EB2A19A:3D> is ambiguous, use third parameter to specify the type
[2025-08-18 19:20:33 UTC+02:00] [349920] [TweakDB::SetFlat] Type for <TDBID:83E3D450:3A> is ambiguous, use third parameter to specify the type
[2025-08-18 19:20:33 UTC+02:00] [349920] [TweakDB::SetFlat] Type for <TDBID:CC3615E9:40> is ambiguous, use third parameter to specify the type
[2025-08-18 19:20:33 UTC+02:00] [349920] [TweakDB::SetFlat] Type for <TDBID:940BEBDC:2D> is ambiguous, use third parameter to specify the type
[2025-08-18 19:20:33 UTC+02:00] [349920] [TweakDB::SetFlat] Type for <TDBID:8C97323F:33> is ambiguous, use third parameter to specify the type
[2025-08-18 19:20:33 UTC+02:00] [349920] [TweakDB::SetFlat] Type for <TDBID:AEBBBC8C:38> is ambiguous, use third parameter to specify the type
[2025-08-18 19:20:33 UTC+02:00] [349920] [TweakDB::SetFlat] Type for <TDBID:3EA407CF:3E> is ambiguous, use third parameter to specify the type
[2025-08-18 19:20:33 UTC+02:00] [349920] [TweakDB::SetFlat] Type for <TDBID:1F57F007:3C> is ambiguous, use third parameter to specify the type
[2025-08-18 19:20:33 UTC+02:00] [349920] [TweakDB::SetFlat] Type for <TDBID:8FE53C3B:42> is ambiguous, use third parameter to specify the type
[2025-08-18 19:20:33 UTC+02:00] [349920] [TweakDB::SetFlat] Type for <TDBID:274D271B:33> is ambiguous, use third parameter to specify the type
[2025-08-18 19:20:33 UTC+02:00] [349920] [TweakDB::SetFlat] Type for <TDBID:D5F85E41:39> is ambiguous, use third parameter to specify the type
[2025-08-18 19:20:33 UTC+02:00] [349920] [TweakDB::SetFlat] Type for <TDBID:860E747A:39> is ambiguous, use third parameter to specify the type
[2025-08-18 19:20:33 UTC+02:00] [349920] [TweakDB::SetFlat] Type for <TDBID:38F8F721:3F> is ambiguous, use third parameter to specify the type
[2025-08-18 19:20:33 UTC+02:00] [349920] [TweakDB::SetFlat] Type for <TDBID:BA0079A6:34> is ambiguous, use third parameter to specify the type
[2025-08-18 19:20:33 UTC+02:00] [349920] [TweakDB::SetFlat] Type for <TDBID:683A8403:3A> is ambiguous, use third parameter to specify the type
[2025-08-18 19:20:33 UTC+02:00] [349920] [TweakDB::SetFlat] Type for <TDBID:21EE210A:3A> is ambiguous, use third parameter to specify the type
[2025-08-18 19:20:33 UTC+02:00] [349920] [TweakDB::SetFlat] Type for <TDBID:C961B086:40> is ambiguous, use third parameter to specify the type
[2025-08-18 19:20:33 UTC+02:00] [349920] [TweakDB::SetFlat] Type for <TDBID:756FE575:38> is ambiguous, use third parameter to specify the type
[2025-08-18 19:20:33 UTC+02:00] [349920] [TweakDB::SetFlat] Type for <TDBID:11D016BB:3E> is ambiguous, use third parameter to specify the type
[2025-08-18 19:20:33 UTC+02:00] [349920] [TweakDB::SetFlat] Type for <TDBID:85F4995D:38> is ambiguous, use third parameter to specify the type
[2025-08-18 19:20:33 UTC+02:00] [349920] [TweakDB::SetFlat] Type for <TDBID:1988895B:3E> is ambiguous, use third parameter to specify the type
[2025-08-18 19:20:33 UTC+02:00] [349920] [TweakDB::SetFlat] Type for <TDBID:CC6B01AC:3B> is ambiguous, use third parameter to specify the type
[2025-08-18 19:20:33 UTC+02:00] [349920] [TweakDB::SetFlat] Type for <TDBID:BC58688B:41> is ambiguous, use third parameter to specify the type
[2025-08-18 19:20:33 UTC+02:00] [349920] [TweakDB::SetFlat] Type for <TDBID:5308C805:35> is ambiguous, use third parameter to specify the type
[2025-08-18 19:20:33 UTC+02:00] [349920] [TweakDB::SetFlat] Type for <TDBID:B9920527:3B> is ambiguous, use third parameter to specify the type
[2025-08-18 19:20:33 UTC+02:00] [349920] [TweakDB::SetFlat] Type for <TDBID:BAC45FB0:40> is ambiguous, use third parameter to specify the type
[2025-08-18 19:20:33 UTC+02:00] [349920] [TweakDB::SetFlat] Type for <TDBID:0A1BC670:46> is ambiguous, use third parameter to specify the type
[2025-08-18 19:20:33 UTC+02:00] [349920] [TweakDB::SetFlat] Type for <TDBID:B7254ED0:3A> is ambiguous, use third parameter to specify the type
[2025-08-18 19:20:33 UTC+02:00] [349920] [TweakDB::SetFlat] Type for <TDBID:3974C216:40> is ambiguous, use third parameter to specify the type
[2025-08-18 19:20:33 UTC+02:00] [349920] [TweakDB::SetFlat] Type for <TDBID:9C196A7D:37> is ambiguous, use third parameter to specify the type
[2025-08-18 19:20:33 UTC+02:00] [349920] [TweakDB::SetFlat] Type for <TDBID:2652A7FA:3D> is ambiguous, use third parameter to specify the type
[2025-08-18 19:20:33 UTC+02:00] [349920] [TweakDB::SetFlat] Type for <TDBID:59F5DF16:3A> is ambiguous, use third parameter to specify the type
[2025-08-18 19:20:33 UTC+02:00] [349920] [TweakDB::SetFlat] Type for <TDBID:978B752C:40> is ambiguous, use third parameter to specify the type
[2025-08-18 19:20:33 UTC+02:00] [349920] [TweakDB::SetFlat] Type for <TDBID:BFB117E7:34> is ambiguous, use third parameter to specify the type
[2025-08-18 19:20:33 UTC+02:00] [349920] [TweakDB::SetFlat] Type for <TDBID:29397FF2:3A> is ambiguous, use third parameter to specify the type
[2025-08-18 19:20:33 UTC+02:00] [349920] [TweakDB::SetFlat] Type for <TDBID:A5EE9075:38> is ambiguous, use third parameter to specify the type
[2025-08-18 19:20:33 UTC+02:00] [349920] [TweakDB::SetFlat] Type for <TDBID:F88E9D6A:3E> is ambiguous, use third parameter to specify the type
[2025-08-18 19:20:33 UTC+02:00] [349920] [TweakDB::SetFlat] Type for <TDBID:F84D4B9F:39> is ambiguous, use third parameter to specify the type
[2025-08-18 19:20:33 UTC+02:00] [349920] [TweakDB::SetFlat] Type for <TDBID:8ACEE0CE:3F> is ambiguous, use third parameter to specify the type
[2025-08-18 19:20:33 UTC+02:00] [349920] [TweakDB::SetFlat] Type for <TDBID:BF018CE1:42> is ambiguous, use third parameter to specify the type
[2025-08-18 19:20:33 UTC+02:00] [349920] [TweakDB::SetFlat] Type for <TDBID:44C4C474:48> is ambiguous, use third parameter to specify the type
[2025-08-18 19:20:33 UTC+02:00] [349920] [TweakDB::SetFlat] Type for <TDBID:6DB1B227:3A> is ambiguous, use third parameter to specify the type
[2025-08-18 19:20:33 UTC+02:00] [349920] [TweakDB::SetFlat] Type for <TDBID:0E1B90FE:40> is ambiguous, use third parameter to specify the type
[2025-08-18 19:20:33 UTC+02:00] [349920] [TweakDB::SetFlat] Type for <TDBID:DEA97EDF:42> is ambiguous, use third parameter to specify the type
[2025-08-18 19:20:33 UTC+02:00] [349920] [TweakDB::SetFlat] Type for <TDBID:898A3169:48> is ambiguous, use third parameter to specify the type
[2025-08-18 19:20:33 UTC+02:00] [349920] [TweakDB::SetFlat] Type for <TDBID:405DBBF1:3E> is ambiguous, use third parameter to specify the type
[2025-08-18 19:20:33 UTC+02:00] [349920] [TweakDB::SetFlat] Type for <TDBID:6B50268E:44> is ambiguous, use third parameter to specify the type
[2025-08-18 19:20:33 UTC+02:00] [349920] [TweakDB::SetFlat] Type for <TDBID:A401F2F7:35> is ambiguous, use third parameter to specify the type
[2025-08-18 19:20:33 UTC+02:00] [349920] [TweakDB::SetFlat] Type for <TDBID:C7DA37CD:3B> is ambiguous, use third parameter to specify the type
[2025-08-18 19:20:33 UTC+02:00] [349920] [TweakDB::SetFlat] Type for <TDBID:10F8AE1A:3B> is ambiguous, use third parameter to specify the type
[2025-08-18 19:20:33 UTC+02:00] [349920] [TweakDB::SetFlat] Type for <TDBID:A9DA12BA:41> is ambiguous, use third parameter to specify the type
[2025-08-18 19:20:33 UTC+02:00] [349920] [TweakDB::SetFlat] Type for <TDBID:E110A79F:39> is ambiguous, use third parameter to specify the type
[2025-08-18 19:20:33 UTC+02:00] [349920] [TweakDB::SetFlat] Type for <TDBID:4D7A8590:3F> is ambiguous, use third parameter to specify the type
[2025-08-18 19:20:33 UTC+02:00] [349920] [TweakDB::SetFlat] Type for <TDBID:358EC652:37> is ambiguous, use third parameter to specify the type
[2025-08-18 19:20:33 UTC+02:00] [349920] [TweakDB::SetFlat] Type for <TDBID:9341DD7C:3D> is ambiguous, use third parameter to specify the type
[2025-08-18 19:20:33 UTC+02:00] [349920] [TweakDB::SetFlat] Type for <TDBID:D28EB679:1F> is ambiguous, use third parameter to specify the type
[2025-08-18 19:20:33 UTC+02:00] [349920] [TweakDB::SetFlat] Type for <TDBID:AB550E63:25> is ambiguous, use third parameter to specify the type
[2025-08-18 19:20:33 UTC+02:00] [349920] [TweakDB::SetFlat] Type for <TDBID:E1C44C45:33> is ambiguous, use third parameter to specify the type
[2025-08-18 19:20:33 UTC+02:00] [349920] [TweakDB::SetFlat] Type for <TDBID:08ED62D9:39> is ambiguous, use third parameter to specify the type
[2025-08-18 19:20:33 UTC+02:00] [349920] [TweakDB::SetFlat] Type for <TDBID:7EEE0BB2:3D> is ambiguous, use third parameter to specify the type
[2025-08-18 19:20:33 UTC+02:00] [349920] [TweakDB::SetFlat] Type for <TDBID:D3697FB6:43> is ambiguous, use third parameter to specify the type
[2025-08-18 19:20:33 UTC+02:00] [349920] [TweakDB::SetFlat] Type for <TDBID:8A4B5031:3C> is ambiguous, use third parameter to specify the type
[2025-08-18 19:20:33 UTC+02:00] [349920] [TweakDB::SetFlat] Type for <TDBID:CCF6D521:42> is ambiguous, use third parameter to specify the type
[2025-08-18 19:20:33 UTC+02:00] [349920] [TweakDB::SetFlat] Type for <TDBID:FFD4A6A8:37> is ambiguous, use third parameter to specify the type
[2025-08-18 19:20:33 UTC+02:00] [349920] [TweakDB::SetFlat] Type for <TDBID:86F26C1E:3D> is ambiguous, use third parameter to specify the type
[2025-08-18 19:20:33 UTC+02:00] [349920] [TweakDB::SetFlat] Type for <TDBID:5227C183:3B> is ambiguous, use third parameter to specify the type
[2025-08-18 19:20:33 UTC+02:00] [349920] [TweakDB::SetFlat] Type for <TDBID:85F845CC:41> is ambiguous, use third parameter to specify the type
[2025-08-18 19:20:33 UTC+02:00] [349920] [TweakDB::SetFlat] Type for <TDBID:65FA593D:3E> is ambiguous, use third parameter to specify the type
[2025-08-18 19:20:33 UTC+02:00] [349920] [TweakDB::SetFlat] Type for <TDBID:B154C949:44> is ambiguous, use third parameter to specify the type
[2025-08-18 19:20:33 UTC+02:00] [349920] [TweakDB::SetFlat] Type for <TDBID:AA78F770:36> is ambiguous, use third parameter to specify the type
[2025-08-18 19:20:33 UTC+02:00] [349920] [TweakDB::SetFlat] Type for <TDBID:10265EC1:3C> is ambiguous, use third parameter to specify the type
[2025-08-18 19:20:33 UTC+02:00] [349920] [TweakDB::SetFlat] Type for <TDBID:FFF1F046:36> is ambiguous, use third parameter to specify the type
[2025-08-18 19:20:33 UTC+02:00] [349920] [TweakDB::SetFlat] Type for <TDBID:8A03738B:3C> is ambiguous, use third parameter to specify the type
[2025-08-18 19:20:33 UTC+02:00] [349920] [TweakDB::SetFlat] Type for <TDBID:6CC116CA:3C> is ambiguous, use third parameter to specify the type
[2025-08-18 19:20:33 UTC+02:00] [349920] [TweakDB::SetFlat] Type for <TDBID:4B9B6B5F:42> is ambiguous, use third parameter to specify the type
[2025-08-18 19:20:33 UTC+02:00] [349920] [TweakDB::SetFlat] Type for <TDBID:7A0E7271:30> is ambiguous, use third parameter to specify the type
[2025-08-18 19:20:33 UTC+02:00] [349920] [TweakDB::SetFlat] Type for <TDBID:61A178F6:36> is ambiguous, use third parameter to specify the type
[2025-08-18 19:20:33 UTC+02:00] [349920] [TweakDB::SetFlat] Type for <TDBID:D0AD5D73:3D> is ambiguous, use third parameter to specify the type
[2025-08-18 19:20:33 UTC+02:00] [349920] [TweakDB::SetFlat] Type for <TDBID:E4C90F75:43> is ambiguous, use third parameter to specify the type
[2025-08-18 19:20:33 UTC+02:00] [349920] [TweakDB::SetFlat] Type for <TDBID:E742ADED:3A> is ambiguous, use third parameter to specify the type
[2025-08-18 19:20:33 UTC+02:00] [349920] [TweakDB::SetFlat] Type for <TDBID:24A98A60:40> is ambiguous, use third parameter to specify the type
[2025-08-18 19:20:33 UTC+02:00] [349920] [TweakDB::SetFlat] Type for <TDBID:6692A74B:3C> is ambiguous, use third parameter to specify the type
[2025-08-18 19:20:33 UTC+02:00] [349920] [TweakDB::SetFlat] Type for <TDBID:67FFA81C:42> is ambiguous, use third parameter to specify the type
[2025-08-18 19:20:33 UTC+02:00] [349920] [TweakDB::SetFlat] Type for <TDBID:6425E701:38> is ambiguous, use third parameter to specify the type
[2025-08-18 19:20:33 UTC+02:00] [349920] [TweakDB::SetFlat] Type for <TDBID:12EE7B12:3E> is ambiguous, use third parameter to specify the type
[2025-08-18 19:20:33 UTC+02:00] [349920] [TweakDB::SetFlat] Type for <TDBID:33A0A05D:32> is ambiguous, use third parameter to specify the type
[2025-08-18 19:20:33 UTC+02:00] [349920] [TweakDB::SetFlat] Type for <TDBID:300549FB:38> is ambiguous, use third parameter to specify the type
[2025-08-18 19:20:33 UTC+02:00] [349920] [TweakDB::SetFlat] Type for <TDBID:F7CDAEC9:37> is ambiguous, use third parameter to specify the type
[2025-08-18 19:20:33 UTC+02:00] [349920] [TweakDB::SetFlat] Type for <TDBID:5628B28D:3D> is ambiguous, use third parameter to specify the type
[2025-08-18 19:20:33 UTC+02:00] [349920] [TweakDB::SetFlat] Type for <TDBID:D78AAE79:39> is ambiguous, use third parameter to specify the type
[2025-08-18 19:20:33 UTC+02:00] [349920] [TweakDB::SetFlat] Type for <TDBID:726C879C:3F> is ambiguous, use third parameter to specify the type
[2025-08-18 19:20:33 UTC+02:00] [349920] [TweakDB::SetFlat] Type for <TDBID:9CDA507D:28> is ambiguous, use third parameter to specify the type
[2025-08-18 19:20:33 UTC+02:00] [349920] [TweakDB::SetFlat] Type for <TDBID:A93B4635:2E> is ambiguous, use third parameter to specify the type
[2025-08-18 19:20:33 UTC+02:00] [349920] [TweakDB::SetFlat] Type for <TDBID:57B4D7F4:35> is ambiguous, use third parameter to specify the type
[2025-08-18 19:20:33 UTC+02:00] [349920] [TweakDB::SetFlat] Type for <TDBID:D5419636:3B> is ambiguous, use third parameter to specify the type
[2025-08-18 19:20:33 UTC+02:00] [349920] [TweakDB::SetFlat] Type for <TDBID:93BDD8D7:33> is ambiguous, use third parameter to specify the type
[2025-08-18 19:20:33 UTC+02:00] [349920] [TweakDB::SetFlat] Type for <TDBID:3D870769:39> is ambiguous, use third parameter to specify the type
[2025-08-18 19:20:33 UTC+02:00] [349920] [TweakDB::SetFlat] Type for <TDBID:7B74019F:3B> is ambiguous, use third parameter to specify the type
[2025-08-18 19:20:33 UTC+02:00] [349920] [TweakDB::SetFlat] Type for <TDBID:F6DDB2D4:41> is ambiguous, use third parameter to specify the type
[2025-08-18 19:20:33 UTC+02:00] [349920] [TweakDB::SetFlat] Type for <TDBID:2DC8DD74:3C> is ambiguous, use third parameter to specify the type
[2025-08-18 19:20:33 UTC+02:00] [349920] [TweakDB::SetFlat] Type for <TDBID:F9CE68ED:42> is ambiguous, use third parameter to specify the type
[2025-08-18 19:20:33 UTC+02:00] [349920] [TweakDB::SetFlat] Type for <TDBID:8D14DDEE:37> is ambiguous, use third parameter to specify the type
[2025-08-18 19:20:33 UTC+02:00] [349920] [TweakDB::SetFlat] Type for <TDBID:F0C90689:3D> is ambiguous, use third parameter to specify the type
[2025-08-18 19:20:33 UTC+02:00] [349920] [TweakDB::SetFlat] Type for <TDBID:934F9782:35> is ambiguous, use third parameter to specify the type
[2025-08-18 19:20:33 UTC+02:00] [349920] [TweakDB::SetFlat] Type for <TDBID:97088F99:3B> is ambiguous, use third parameter to specify the type
[2025-08-18 19:20:33 UTC+02:00] [349920] [TweakDB::SetFlat] Type for <TDBID:B2AFEC23:35> is ambiguous, use third parameter to specify the type
[2025-08-18 19:20:33 UTC+02:00] [349920] [TweakDB::SetFlat] Type for <TDBID:24BAF1E3:3B> is ambiguous, use third parameter to specify the type
[2025-08-18 19:20:33 UTC+02:00] [349920] [TweakDB::SetFlat] Type for <TDBID:F0B66379:3A> is ambiguous, use third parameter to specify the type
[2025-08-18 19:20:33 UTC+02:00] [349920] [TweakDB::SetFlat] Type for <TDBID:E416BC8A:40> is ambiguous, use third parameter to specify the type
[2025-08-18 19:20:33 UTC+02:00] [349920] [TweakDB::SetFlat] Type for <TDBID:785D2E7C:45> is ambiguous, use third parameter to specify the type
[2025-08-18 19:20:33 UTC+02:00] [349920] [TweakDB::SetFlat] Type for <TDBID:FAE03DC0:4B> is ambiguous, use third parameter to specify the type
[2025-08-18 19:20:33 UTC+02:00] [349920] [TweakDB::SetFlat] Type for <TDBID:D95C3137:3A> is ambiguous, use third parameter to specify the type
[2025-08-18 19:20:33 UTC+02:00] [349920] [TweakDB::SetFlat] Type for <TDBID:1DC9970E:40> is ambiguous, use third parameter to specify the type
[2025-08-18 19:20:33 UTC+02:00] [349920] [TweakDB::SetFlat] Type for <TDBID:5C6039B3:33> is ambiguous, use third parameter to specify the type
[2025-08-18 19:20:33 UTC+02:00] [349920] [TweakDB::SetFlat] Type for <TDBID:F59B1473:39> is ambiguous, use third parameter to specify the type
[2025-08-18 19:20:33 UTC+02:00] [349920] [TweakDB::SetFlat] Type for <TDBID:7B8966AA:38> is ambiguous, use third parameter to specify the type
[2025-08-18 19:20:33 UTC+02:00] [349920] [TweakDB::SetFlat] Type for <TDBID:FD7441ED:3E> is ambiguous, use third parameter to specify the type
[2025-08-18 19:20:33 UTC+02:00] [349920] [TweakDB::SetFlat] Type for <TDBID:7A4D4C9B:3A> is ambiguous, use third parameter to specify the type
[2025-08-18 19:20:33 UTC+02:00] [349920] [TweakDB::SetFlat] Type for <TDBID:41CEB126:40> is ambiguous, use third parameter to specify the type
[2025-08-18 19:20:33 UTC+02:00] [349920] [TweakDB::SetFlat] Type for <TDBID:E7019307:30> is ambiguous, use third parameter to specify the type
[2025-08-18 19:20:33 UTC+02:00] [349920] [TweakDB::SetFlat] Type for <TDBID:04C643B0:36> is ambiguous, use third parameter to specify the type
[2025-08-18 19:20:33 UTC+02:00] [349920] [TweakDB::SetFlat] Type for <TDBID:2408F363:37> is ambiguous, use third parameter to specify the type
[2025-08-18 19:20:33 UTC+02:00] [349920] [TweakDB::SetFlat] Type for <TDBID:E0701E22:3D> is ambiguous, use third parameter to specify the type
[2025-08-18 19:20:33 UTC+02:00] [349920] [TweakDB::SetFlat] Type for <TDBID:546B9366:3B> is ambiguous, use third parameter to specify the type
[2025-08-18 19:20:33 UTC+02:00] [349920] [TweakDB::SetFlat] Type for <TDBID:54EDC861:41> is ambiguous, use third parameter to specify the type
[2025-08-18 19:20:33 UTC+02:00] [349920] [TweakDB::SetFlat] Type for <TDBID:748B5593:33> is ambiguous, use third parameter to specify the type
[2025-08-18 19:20:33 UTC+02:00] [349920] [TweakDB::SetFlat] Type for <TDBID:99D55A68:39> is ambiguous, use third parameter to specify the type
[2025-08-18 19:20:33 UTC+02:00] [349920] [TweakDB::SetFlat] Type for <TDBID:D960D272:39> is ambiguous, use third parameter to specify the type
[2025-08-18 19:20:33 UTC+02:00] [349920] [TweakDB::SetFlat] Type for <TDBID:97D5F6C7:3F> is ambiguous, use third parameter to specify the type
[2025-08-18 19:20:33 UTC+02:00] [349920] [TweakDB::SetFlat] Type for <TDBID:37830386:41> is ambiguous, use third parameter to specify the type
[2025-08-18 19:20:33 UTC+02:00] [349920] [TweakDB::SetFlat] Type for <TDBID:CAF5E85D:47> is ambiguous, use third parameter to specify the type
[2025-08-18 19:20:33 UTC+02:00] [349920] [TweakDB::SetFlat] Type for <TDBID:E1B460C5:35> is ambiguous, use third parameter to specify the type
[2025-08-18 19:20:33 UTC+02:00] [349920] [TweakDB::SetFlat] Type for <TDBID:79531498:3B> is ambiguous, use third parameter to specify the type
[2025-08-18 19:20:33 UTC+02:00] [349920] [TweakDB::SetFlat] Type for <TDBID:09FEC641:3C> is ambiguous, use third parameter to specify the type
[2025-08-18 19:20:33 UTC+02:00] [349920] [TweakDB::SetFlat] Type for <TDBID:504D1121:42> is ambiguous, use third parameter to specify the type
[2025-08-18 19:20:33 UTC+02:00] [349920] [TweakDB::SetFlat] Type for <TDBID:624374F7:38> is ambiguous, use third parameter to specify the type
[2025-08-18 19:20:33 UTC+02:00] [349920] [TweakDB::SetFlat] Type for <TDBID:5D4308BB:3E> is ambiguous, use third parameter to specify the type
[2025-08-18 19:20:33 UTC+02:00] [349920] [TweakDB::SetFlat] Type for <TDBID:D4D0C240:38> is ambiguous, use third parameter to specify the type
[2025-08-18 19:20:33 UTC+02:00] [349920] [TweakDB::SetFlat] Type for <TDBID:AB2D1A2A:3E> is ambiguous, use third parameter to specify the type
[2025-08-18 19:20:33 UTC+02:00] [349920] [TweakDB::SetFlat] Type for <TDBID:6B8052D8:3E> is ambiguous, use third parameter to specify the type
[2025-08-18 19:20:33 UTC+02:00] [349920] [TweakDB::SetFlat] Type for <TDBID:8E111F9B:44> is ambiguous, use third parameter to specify the type
[2025-08-18 19:20:33 UTC+02:00] [349920] [TweakDB::SetFlat] Type for <TDBID:5E22482D:33> is ambiguous, use third parameter to specify the type
[2025-08-18 19:20:33 UTC+02:00] [349920] [TweakDB::SetFlat] Type for <TDBID:24DCEEE7:39> is ambiguous, use third parameter to specify the type
[2025-08-18 19:20:33 UTC+02:00] [349920] [TweakDB::SetFlat] Type for <TDBID:FA240717:34> is ambiguous, use third parameter to specify the type
[2025-08-18 19:20:33 UTC+02:00] [349920] [TweakDB::SetFlat] Type for <TDBID:A084AFD4:3A> is ambiguous, use third parameter to specify the type
[2025-08-18 19:20:33 UTC+02:00] [349920] [TweakDB::SetFlat] Type for <TDBID:F877F9FD:35> is ambiguous, use third parameter to specify the type
[2025-08-18 19:20:33 UTC+02:00] [349920] [TweakDB::SetFlat] Type for <TDBID:3A630D2E:3B> is ambiguous, use third parameter to specify the type
[2025-08-18 19:20:33 UTC+02:00] [349920] [TweakDB::SetFlat] Type for <TDBID:1DCEED73:34> is ambiguous, use third parameter to specify the type
[2025-08-18 19:20:33 UTC+02:00] [349920] [TweakDB::SetFlat] Type for <TDBID:44EA5A9F:3A> is ambiguous, use third parameter to specify the type
[2025-08-18 19:20:33 UTC+02:00] [349920] [TweakDB::SetFlat] Type for <TDBID:2FAECA29:3D> is ambiguous, use third parameter to specify the type
[2025-08-18 19:20:33 UTC+02:00] [349920] [TweakDB::SetFlat] Type for <TDBID:86D744E7:43> is ambiguous, use third parameter to specify the type
[2025-08-18 19:20:33 UTC+02:00] [349920] [TweakDB::SetFlat] Type for <TDBID:BA2D0806:40> is ambiguous, use third parameter to specify the type
[2025-08-18 19:20:33 UTC+02:00] [349920] [TweakDB::SetFlat] Type for <TDBID:E7CC2B71:46> is ambiguous, use third parameter to specify the type
[2025-08-18 19:20:33 UTC+02:00] [349920] [TweakDB::SetFlat] Type for <TDBID:950776D7:37> is ambiguous, use third parameter to specify the type
[2025-08-18 19:20:33 UTC+02:00] [349920] [TweakDB::SetFlat] Type for <TDBID:84D2F4D2:3D> is ambiguous, use third parameter to specify the type
[2025-08-18 19:20:33 UTC+02:00] [349920] [TweakDB::SetFlat] Type for <TDBID:8293919F:3B> is ambiguous, use third parameter to specify the type
[2025-08-18 19:20:33 UTC+02:00] [349920] [TweakDB::SetFlat] Type for <TDBID:D666A41A:41> is ambiguous, use third parameter to specify the type
[2025-08-18 19:20:33 UTC+02:00] [349920] [TweakDB::SetFlat] Type for <TDBID:46706528:3C> is ambiguous, use third parameter to specify the type
[2025-08-18 19:20:33 UTC+02:00] [349920] [TweakDB::SetFlat] Type for <TDBID:3E71A100:42> is ambiguous, use third parameter to specify the type
[2025-08-18 19:20:33 UTC+02:00] [349920] [TweakDB::SetFlat] Type for <TDBID:1CE268B5:43> is ambiguous, use third parameter to specify the type
[2025-08-18 19:20:33 UTC+02:00] [349920] [TweakDB::SetFlat] Type for <TDBID:117BE265:49> is ambiguous, use third parameter to specify the type
[2025-08-18 19:20:33 UTC+02:00] [349920] [TweakDB::SetFlat] Type for <TDBID:9D44D31E:35> is ambiguous, use third parameter to specify the type
[2025-08-18 19:20:33 UTC+02:00] [349920] [TweakDB::SetFlat] Type for <TDBID:8D400D23:3B> is ambiguous, use third parameter to specify the type
[2025-08-18 19:20:33 UTC+02:00] [349920] [TweakDB::SetFlat] Type for <TDBID:EA9BAA61:39> is ambiguous, use third parameter to specify the type
[2025-08-18 19:20:33 UTC+02:00] [349920] [TweakDB::SetFlat] Type for <TDBID:AC7FE793:3F> is ambiguous, use third parameter to specify the type
[2025-08-18 19:47:36 UTC+02:00] [349920] [TweakDB::SetFlat] Type for <TDBID:ABB3F936:36> is ambiguous, use third parameter to specify the type
[2025-08-18 19:47:36 UTC+02:00] [349920] [TweakDB::SetFlat] Type for <TDBID:D6990AE1:3C> is ambiguous, use third parameter to specify the type
[2025-08-18 19:47:36 UTC+02:00] [349920] [TweakDB::SetFlat] Type for <TDBID:44869FD9:45> is ambiguous, use third parameter to specify the type
[2025-08-18 19:47:36 UTC+02:00] [349920] [TweakDB::SetFlat] Type for <TDBID:42B2BE55:4B> is ambiguous, use third parameter to specify the type
[2025-08-18 19:47:36 UTC+02:00] [349920] [TweakDB::SetFlat] Type for <TDBID:E3F40A66:31> is ambiguous, use third parameter to specify the type
[2025-08-18 19:47:36 UTC+02:00] [349920] [TweakDB::SetFlat] Type for <TDBID:ADC99467:37> is ambiguous, use third parameter to specify the type
[2025-08-18 19:47:36 UTC+02:00] [349920] [TweakDB::SetFlat] Type for <TDBID:36AA4404:39> is ambiguous, use third parameter to specify the type
[2025-08-18 19:47:36 UTC+02:00] [349920] [TweakDB::SetFlat] Type for <TDBID:AFA65354:3F> is ambiguous, use third parameter to specify the type
[2025-08-18 19:47:36 UTC+02:00] [349920] [TweakDB::SetFlat] Type for <TDBID:EF62855B:38> is ambiguous, use third parameter to specify the type
[2025-08-18 19:47:36 UTC+02:00] [349920] [TweakDB::SetFlat] Type for <TDBID:B7AAE04B:3E> is ambiguous, use third parameter to specify the type
[2025-08-18 19:47:36 UTC+02:00] [349920] [TweakDB::SetFlat] Type for <TDBID:6228A1BD:37> is ambiguous, use third parameter to specify the type
[2025-08-18 19:47:36 UTC+02:00] [349920] [TweakDB::SetFlat] Type for <TDBID:5EB2A19A:3D> is ambiguous, use third parameter to specify the type
[2025-08-18 19:47:36 UTC+02:00] [349920] [TweakDB::SetFlat] Type for <TDBID:83E3D450:3A> is ambiguous, use third parameter to specify the type
[2025-08-18 19:47:36 UTC+02:00] [349920] [TweakDB::SetFlat] Type for <TDBID:CC3615E9:40> is ambiguous, use third parameter to specify the type
[2025-08-18 19:47:36 UTC+02:00] [349920] [TweakDB::SetFlat] Type for <TDBID:940BEBDC:2D> is ambiguous, use third parameter to specify the type
[2025-08-18 19:47:36 UTC+02:00] [349920] [TweakDB::SetFlat] Type for <TDBID:8C97323F:33> is ambiguous, use third parameter to specify the type
[2025-08-18 19:47:36 UTC+02:00] [349920] [TweakDB::SetFlat] Type for <TDBID:AEBBBC8C:38> is ambiguous, use third parameter to specify the type
[2025-08-18 19:47:36 UTC+02:00] [349920] [TweakDB::SetFlat] Type for <TDBID:3EA407CF:3E> is ambiguous, use third parameter to specify the type
[2025-08-18 19:47:36 UTC+02:00] [349920] [TweakDB::SetFlat] Type for <TDBID:1F57F007:3C> is ambiguous, use third parameter to specify the type
[2025-08-18 19:47:36 UTC+02:00] [349920] [TweakDB::SetFlat] Type for <TDBID:8FE53C3B:42> is ambiguous, use third parameter to specify the type
[2025-08-18 19:47:36 UTC+02:00] [349920] [TweakDB::SetFlat] Type for <TDBID:274D271B:33> is ambiguous, use third parameter to specify the type
[2025-08-18 19:47:36 UTC+02:00] [349920] [TweakDB::SetFlat] Type for <TDBID:D5F85E41:39> is ambiguous, use third parameter to specify the type
[2025-08-18 19:47:36 UTC+02:00] [349920] [TweakDB::SetFlat] Type for <TDBID:860E747A:39> is ambiguous, use third parameter to specify the type
[2025-08-18 19:47:36 UTC+02:00] [349920] [TweakDB::SetFlat] Type for <TDBID:38F8F721:3F> is ambiguous, use third parameter to specify the type
[2025-08-18 19:47:36 UTC+02:00] [349920] [TweakDB::SetFlat] Type for <TDBID:BA0079A6:34> is ambiguous, use third parameter to specify the type
[2025-08-18 19:47:36 UTC+02:00] [349920] [TweakDB::SetFlat] Type for <TDBID:683A8403:3A> is ambiguous, use third parameter to specify the type
[2025-08-18 19:47:36 UTC+02:00] [349920] [TweakDB::SetFlat] Type for <TDBID:21EE210A:3A> is ambiguous, use third parameter to specify the type
[2025-08-18 19:47:36 UTC+02:00] [349920] [TweakDB::SetFlat] Type for <TDBID:C961B086:40> is ambiguous, use third parameter to specify the type
[2025-08-18 19:47:36 UTC+02:00] [349920] [TweakDB::SetFlat] Type for <TDBID:756FE575:38> is ambiguous, use third parameter to specify the type
[2025-08-18 19:47:36 UTC+02:00] [349920] [TweakDB::SetFlat] Type for <TDBID:11D016BB:3E> is ambiguous, use third parameter to specify the type
[2025-08-18 19:47:36 UTC+02:00] [349920] [TweakDB::SetFlat] Type for <TDBID:85F4995D:38> is ambiguous, use third parameter to specify the type
[2025-08-18 19:47:36 UTC+02:00] [349920] [TweakDB::SetFlat] Type for <TDBID:1988895B:3E> is ambiguous, use third parameter to specify the type
[2025-08-18 19:47:36 UTC+02:00] [349920] [TweakDB::SetFlat] Type for <TDBID:CC6B01AC:3B> is ambiguous, use third parameter to specify the type
[2025-08-18 19:47:36 UTC+02:00] [349920] [TweakDB::SetFlat] Type for <TDBID:BC58688B:41> is ambiguous, use third parameter to specify the type
[2025-08-18 19:47:36 UTC+02:00] [349920] [TweakDB::SetFlat] Type for <TDBID:5308C805:35> is ambiguous, use third parameter to specify the type
[2025-08-18 19:47:36 UTC+02:00] [349920] [TweakDB::SetFlat] Type for <TDBID:B9920527:3B> is ambiguous, use third parameter to specify the type
[2025-08-18 19:47:36 UTC+02:00] [349920] [TweakDB::SetFlat] Type for <TDBID:BAC45FB0:40> is ambiguous, use third parameter to specify the type
[2025-08-18 19:47:36 UTC+02:00] [349920] [TweakDB::SetFlat] Type for <TDBID:0A1BC670:46> is ambiguous, use third parameter to specify the type
[2025-08-18 19:47:36 UTC+02:00] [349920] [TweakDB::SetFlat] Type for <TDBID:B7254ED0:3A> is ambiguous, use third parameter to specify the type
[2025-08-18 19:47:36 UTC+02:00] [349920] [TweakDB::SetFlat] Type for <TDBID:3974C216:40> is ambiguous, use third parameter to specify the type
[2025-08-18 19:47:36 UTC+02:00] [349920] [TweakDB::SetFlat] Type for <TDBID:9C196A7D:37> is ambiguous, use third parameter to specify the type
[2025-08-18 19:47:36 UTC+02:00] [349920] [TweakDB::SetFlat] Type for <TDBID:2652A7FA:3D> is ambiguous, use third parameter to specify the type
[2025-08-18 19:47:36 UTC+02:00] [349920] [TweakDB::SetFlat] Type for <TDBID:59F5DF16:3A> is ambiguous, use third parameter to specify the type
[2025-08-18 19:47:36 UTC+02:00] [349920] [TweakDB::SetFlat] Type for <TDBID:978B752C:40> is ambiguous, use third parameter to specify the type
[2025-08-18 19:47:36 UTC+02:00] [349920] [TweakDB::SetFlat] Type for <TDBID:BFB117E7:34> is ambiguous, use third parameter to specify the type
[2025-08-18 19:47:36 UTC+02:00] [349920] [TweakDB::SetFlat] Type for <TDBID:29397FF2:3A> is ambiguous, use third parameter to specify the type
[2025-08-18 19:47:36 UTC+02:00] [349920] [TweakDB::SetFlat] Type for <TDBID:A5EE9075:38> is ambiguous, use third parameter to specify the type
[2025-08-18 19:47:36 UTC+02:00] [349920] [TweakDB::SetFlat] Type for <TDBID:F88E9D6A:3E> is ambiguous, use third parameter to specify the type
[2025-08-18 19:47:36 UTC+02:00] [349920] [TweakDB::SetFlat] Type for <TDBID:F84D4B9F:39> is ambiguous, use third parameter to specify the type
[2025-08-18 19:47:36 UTC+02:00] [349920] [TweakDB::SetFlat] Type for <TDBID:8ACEE0CE:3F> is ambiguous, use third parameter to specify the type
[2025-08-18 19:47:36 UTC+02:00] [349920] [TweakDB::SetFlat] Type for <TDBID:BF018CE1:42> is ambiguous, use third parameter to specify the type
[2025-08-18 19:47:36 UTC+02:00] [349920] [TweakDB::SetFlat] Type for <TDBID:44C4C474:48> is ambiguous, use third parameter to specify the type
[2025-08-18 19:47:36 UTC+02:00] [349920] [TweakDB::SetFlat] Type for <TDBID:6DB1B227:3A> is ambiguous, use third parameter to specify the type
[2025-08-18 19:47:36 UTC+02:00] [349920] [TweakDB::SetFlat] Type for <TDBID:0E1B90FE:40> is ambiguous, use third parameter to specify the type
[2025-08-18 19:47:36 UTC+02:00] [349920] [TweakDB::SetFlat] Type for <TDBID:DEA97EDF:42> is ambiguous, use third parameter to specify the type
[2025-08-18 19:47:36 UTC+02:00] [349920] [TweakDB::SetFlat] Type for <TDBID:898A3169:48> is ambiguous, use third parameter to specify the type
[2025-08-18 19:47:36 UTC+02:00] [349920] [TweakDB::SetFlat] Type for <TDBID:405DBBF1:3E> is ambiguous, use third parameter to specify the type
[2025-08-18 19:47:36 UTC+02:00] [349920] [TweakDB::SetFlat] Type for <TDBID:6B50268E:44> is ambiguous, use third parameter to specify the type
[2025-08-18 19:47:36 UTC+02:00] [349920] [TweakDB::SetFlat] Type for <TDBID:A401F2F7:35> is ambiguous, use third parameter to specify the type
[2025-08-18 19:47:36 UTC+02:00] [349920] [TweakDB::SetFlat] Type for <TDBID:C7DA37CD:3B> is ambiguous, use third parameter to specify the type
[2025-08-18 19:47:36 UTC+02:00] [349920] [TweakDB::SetFlat] Type for <TDBID:10F8AE1A:3B> is ambiguous, use third parameter to specify the type
[2025-08-18 19:47:36 UTC+02:00] [349920] [TweakDB::SetFlat] Type for <TDBID:A9DA12BA:41> is ambiguous, use third parameter to specify the type
[2025-08-18 19:47:36 UTC+02:00] [349920] [TweakDB::SetFlat] Type for <TDBID:E110A79F:39> is ambiguous, use third parameter to specify the type
[2025-08-18 19:47:36 UTC+02:00] [349920] [TweakDB::SetFlat] Type for <TDBID:4D7A8590:3F> is ambiguous, use third parameter to specify the type
[2025-08-18 19:47:36 UTC+02:00] [349920] [TweakDB::SetFlat] Type for <TDBID:358EC652:37> is ambiguous, use third parameter to specify the type
[2025-08-18 19:47:36 UTC+02:00] [349920] [TweakDB::SetFlat] Type for <TDBID:9341DD7C:3D> is ambiguous, use third parameter to specify the type
[2025-08-18 19:47:36 UTC+02:00] [349920] [TweakDB::SetFlat] Type for <TDBID:D28EB679:1F> is ambiguous, use third parameter to specify the type
[2025-08-18 19:47:36 UTC+02:00] [349920] [TweakDB::SetFlat] Type for <TDBID:AB550E63:25> is ambiguous, use third parameter to specify the type
[2025-08-18 19:47:36 UTC+02:00] [349920] [TweakDB::SetFlat] Type for <TDBID:E1C44C45:33> is ambiguous, use third parameter to specify the type
[2025-08-18 19:47:36 UTC+02:00] [349920] [TweakDB::SetFlat] Type for <TDBID:08ED62D9:39> is ambiguous, use third parameter to specify the type
[2025-08-18 19:47:36 UTC+02:00] [349920] [TweakDB::SetFlat] Type for <TDBID:7EEE0BB2:3D> is ambiguous, use third parameter to specify the type
[2025-08-18 19:47:36 UTC+02:00] [349920] [TweakDB::SetFlat] Type for <TDBID:D3697FB6:43> is ambiguous, use third parameter to specify the type
[2025-08-18 19:47:36 UTC+02:00] [349920] [TweakDB::SetFlat] Type for <TDBID:8A4B5031:3C> is ambiguous, use third parameter to specify the type
[2025-08-18 19:47:36 UTC+02:00] [349920] [TweakDB::SetFlat] Type for <TDBID:CCF6D521:42> is ambiguous, use third parameter to specify the type
[2025-08-18 19:47:36 UTC+02:00] [349920] [TweakDB::SetFlat] Type for <TDBID:FFD4A6A8:37> is ambiguous, use third parameter to specify the type
[2025-08-18 19:47:36 UTC+02:00] [349920] [TweakDB::SetFlat] Type for <TDBID:86F26C1E:3D> is ambiguous, use third parameter to specify the type
[2025-08-18 19:47:36 UTC+02:00] [349920] [TweakDB::SetFlat] Type for <TDBID:5227C183:3B> is ambiguous, use third parameter to specify the type
[2025-08-18 19:47:36 UTC+02:00] [349920] [TweakDB::SetFlat] Type for <TDBID:85F845CC:41> is ambiguous, use third parameter to specify the type
[2025-08-18 19:47:36 UTC+02:00] [349920] [TweakDB::SetFlat] Type for <TDBID:65FA593D:3E> is ambiguous, use third parameter to specify the type
[2025-08-18 19:47:36 UTC+02:00] [349920] [TweakDB::SetFlat] Type for <TDBID:B154C949:44> is ambiguous, use third parameter to specify the type
[2025-08-18 19:47:36 UTC+02:00] [349920] [TweakDB::SetFlat] Type for <TDBID:AA78F770:36> is ambiguous, use third parameter to specify the type
[2025-08-18 19:47:36 UTC+02:00] [349920] [TweakDB::SetFlat] Type for <TDBID:10265EC1:3C> is ambiguous, use third parameter to specify the type
[2025-08-18 19:47:36 UTC+02:00] [349920] [TweakDB::SetFlat] Type for <TDBID:FFF1F046:36> is ambiguous, use third parameter to specify the type
[2025-08-18 19:47:36 UTC+02:00] [349920] [TweakDB::SetFlat] Type for <TDBID:8A03738B:3C> is ambiguous, use third parameter to specify the type
[2025-08-18 19:47:36 UTC+02:00] [349920] [TweakDB::SetFlat] Type for <TDBID:6CC116CA:3C> is ambiguous, use third parameter to specify the type
[2025-08-18 19:47:36 UTC+02:00] [349920] [TweakDB::SetFlat] Type for <TDBID:4B9B6B5F:42> is ambiguous, use third parameter to specify the type
[2025-08-18 19:47:36 UTC+02:00] [349920] [TweakDB::SetFlat] Type for <TDBID:7A0E7271:30> is ambiguous, use third parameter to specify the type
[2025-08-18 19:47:36 UTC+02:00] [349920] [TweakDB::SetFlat] Type for <TDBID:61A178F6:36> is ambiguous, use third parameter to specify the type
[2025-08-18 19:47:36 UTC+02:00] [349920] [TweakDB::SetFlat] Type for <TDBID:D0AD5D73:3D> is ambiguous, use third parameter to specify the type
[2025-08-18 19:47:36 UTC+02:00] [349920] [TweakDB::SetFlat] Type for <TDBID:E4C90F75:43> is ambiguous, use third parameter to specify the type
[2025-08-18 19:47:36 UTC+02:00] [349920] [TweakDB::SetFlat] Type for <TDBID:E742ADED:3A> is ambiguous, use third parameter to specify the type
[2025-08-18 19:47:36 UTC+02:00] [349920] [TweakDB::SetFlat] Type for <TDBID:24A98A60:40> is ambiguous, use third parameter to specify the type
[2025-08-18 19:47:36 UTC+02:00] [349920] [TweakDB::SetFlat] Type for <TDBID:6692A74B:3C> is ambiguous, use third parameter to specify the type
[2025-08-18 19:47:36 UTC+02:00] [349920] [TweakDB::SetFlat] Type for <TDBID:67FFA81C:42> is ambiguous, use third parameter to specify the type
[2025-08-18 19:47:36 UTC+02:00] [349920] [TweakDB::SetFlat] Type for <TDBID:6425E701:38> is ambiguous, use third parameter to specify the type
[2025-08-18 19:47:36 UTC+02:00] [349920] [TweakDB::SetFlat] Type for <TDBID:12EE7B12:3E> is ambiguous, use third parameter to specify the type
[2025-08-18 19:47:36 UTC+02:00] [349920] [TweakDB::SetFlat] Type for <TDBID:33A0A05D:32> is ambiguous, use third parameter to specify the type
[2025-08-18 19:47:36 UTC+02:00] [349920] [TweakDB::SetFlat] Type for <TDBID:300549FB:38> is ambiguous, use third parameter to specify the type
[2025-08-18 19:47:36 UTC+02:00] [349920] [TweakDB::SetFlat] Type for <TDBID:F7CDAEC9:37> is ambiguous, use third parameter to specify the type
[2025-08-18 19:47:36 UTC+02:00] [349920] [TweakDB::SetFlat] Type for <TDBID:5628B28D:3D> is ambiguous, use third parameter to specify the type
[2025-08-18 19:47:36 UTC+02:00] [349920] [TweakDB::SetFlat] Type for <TDBID:D78AAE79:39> is ambiguous, use third parameter to specify the type
[2025-08-18 19:47:36 UTC+02:00] [349920] [TweakDB::SetFlat] Type for <TDBID:726C879C:3F> is ambiguous, use third parameter to specify the type
[2025-08-18 19:47:36 UTC+02:00] [349920] [TweakDB::SetFlat] Type for <TDBID:9CDA507D:28> is ambiguous, use third parameter to specify the type
[2025-08-18 19:47:36 UTC+02:00] [349920] [TweakDB::SetFlat] Type for <TDBID:A93B4635:2E> is ambiguous, use third parameter to specify the type
[2025-08-18 19:47:36 UTC+02:00] [349920] [TweakDB::SetFlat] Type for <TDBID:57B4D7F4:35> is ambiguous, use third parameter to specify the type
[2025-08-18 19:47:36 UTC+02:00] [349920] [TweakDB::SetFlat] Type for <TDBID:D5419636:3B> is ambiguous, use third parameter to specify the type
[2025-08-18 19:47:36 UTC+02:00] [349920] [TweakDB::SetFlat] Type for <TDBID:93BDD8D7:33> is ambiguous, use third parameter to specify the type
[2025-08-18 19:47:36 UTC+02:00] [349920] [TweakDB::SetFlat] Type for <TDBID:3D870769:39> is ambiguous, use third parameter to specify the type
[2025-08-18 19:47:36 UTC+02:00] [349920] [TweakDB::SetFlat] Type for <TDBID:7B74019F:3B> is ambiguous, use third parameter to specify the type
[2025-08-18 19:47:36 UTC+02:00] [349920] [TweakDB::SetFlat] Type for <TDBID:F6DDB2D4:41> is ambiguous, use third parameter to specify the type
[2025-08-18 19:47:36 UTC+02:00] [349920] [TweakDB::SetFlat] Type for <TDBID:2DC8DD74:3C> is ambiguous, use third parameter to specify the type
[2025-08-18 19:47:36 UTC+02:00] [349920] [TweakDB::SetFlat] Type for <TDBID:F9CE68ED:42> is ambiguous, use third parameter to specify the type
[2025-08-18 19:47:36 UTC+02:00] [349920] [TweakDB::SetFlat] Type for <TDBID:8D14DDEE:37> is ambiguous, use third parameter to specify the type
[2025-08-18 19:47:36 UTC+02:00] [349920] [TweakDB::SetFlat] Type for <TDBID:F0C90689:3D> is ambiguous, use third parameter to specify the type
[2025-08-18 19:47:36 UTC+02:00] [349920] [TweakDB::SetFlat] Type for <TDBID:934F9782:35> is ambiguous, use third parameter to specify the type
[2025-08-18 19:47:36 UTC+02:00] [349920] [TweakDB::SetFlat] Type for <TDBID:97088F99:3B> is ambiguous, use third parameter to specify the type
[2025-08-18 19:47:36 UTC+02:00] [349920] [TweakDB::SetFlat] Type for <TDBID:B2AFEC23:35> is ambiguous, use third parameter to specify the type
[2025-08-18 19:47:36 UTC+02:00] [349920] [TweakDB::SetFlat] Type for <TDBID:24BAF1E3:3B> is ambiguous, use third parameter to specify the type
[2025-08-18 19:47:36 UTC+02:00] [349920] [TweakDB::SetFlat] Type for <TDBID:F0B66379:3A> is ambiguous, use third parameter to specify the type
[2025-08-18 19:47:36 UTC+02:00] [349920] [TweakDB::SetFlat] Type for <TDBID:E416BC8A:40> is ambiguous, use third parameter to specify the type
[2025-08-18 19:47:36 UTC+02:00] [349920] [TweakDB::SetFlat] Type for <TDBID:785D2E7C:45> is ambiguous, use third parameter to specify the type
[2025-08-18 19:47:36 UTC+02:00] [349920] [TweakDB::SetFlat] Type for <TDBID:FAE03DC0:4B> is ambiguous, use third parameter to specify the type
[2025-08-18 19:47:36 UTC+02:00] [349920] [TweakDB::SetFlat] Type for <TDBID:D95C3137:3A> is ambiguous, use third parameter to specify the type
[2025-08-18 19:47:36 UTC+02:00] [349920] [TweakDB::SetFlat] Type for <TDBID:1DC9970E:40> is ambiguous, use third parameter to specify the type
[2025-08-18 19:47:36 UTC+02:00] [349920] [TweakDB::SetFlat] Type for <TDBID:5C6039B3:33> is ambiguous, use third parameter to specify the type
[2025-08-18 19:47:36 UTC+02:00] [349920] [TweakDB::SetFlat] Type for <TDBID:F59B1473:39> is ambiguous, use third parameter to specify the type
[2025-08-18 19:47:36 UTC+02:00] [349920] [TweakDB::SetFlat] Type for <TDBID:7B8966AA:38> is ambiguous, use third parameter to specify the type
[2025-08-18 19:47:36 UTC+02:00] [349920] [TweakDB::SetFlat] Type for <TDBID:FD7441ED:3E> is ambiguous, use third parameter to specify the type
[2025-08-18 19:47:36 UTC+02:00] [349920] [TweakDB::SetFlat] Type for <TDBID:7A4D4C9B:3A> is ambiguous, use third parameter to specify the type
[2025-08-18 19:47:36 UTC+02:00] [349920] [TweakDB::SetFlat] Type for <TDBID:41CEB126:40> is ambiguous, use third parameter to specify the type
[2025-08-18 19:47:36 UTC+02:00] [349920] [TweakDB::SetFlat] Type for <TDBID:E7019307:30> is ambiguous, use third parameter to specify the type
[2025-08-18 19:47:36 UTC+02:00] [349920] [TweakDB::SetFlat] Type for <TDBID:04C643B0:36> is ambiguous, use third parameter to specify the type
[2025-08-18 19:47:36 UTC+02:00] [349920] [TweakDB::SetFlat] Type for <TDBID:2408F363:37> is ambiguous, use third parameter to specify the type
[2025-08-18 19:47:36 UTC+02:00] [349920] [TweakDB::SetFlat] Type for <TDBID:E0701E22:3D> is ambiguous, use third parameter to specify the type
[2025-08-18 19:47:36 UTC+02:00] [349920] [TweakDB::SetFlat] Type for <TDBID:546B9366:3B> is ambiguous, use third parameter to specify the type
[2025-08-18 19:47:36 UTC+02:00] [349920] [TweakDB::SetFlat] Type for <TDBID:54EDC861:41> is ambiguous, use third parameter to specify the type
[2025-08-18 19:47:36 UTC+02:00] [349920] [TweakDB::SetFlat] Type for <TDBID:748B5593:33> is ambiguous, use third parameter to specify the type
[2025-08-18 19:47:36 UTC+02:00] [349920] [TweakDB::SetFlat] Type for <TDBID:99D55A68:39> is ambiguous, use third parameter to specify the type
[2025-08-18 19:47:36 UTC+02:00] [349920] [TweakDB::SetFlat] Type for <TDBID:D960D272:39> is ambiguous, use third parameter to specify the type
[2025-08-18 19:47:36 UTC+02:00] [349920] [TweakDB::SetFlat] Type for <TDBID:97D5F6C7:3F> is ambiguous, use third parameter to specify the type
[2025-08-18 19:47:36 UTC+02:00] [349920] [TweakDB::SetFlat] Type for <TDBID:37830386:41> is ambiguous, use third parameter to specify the type
[2025-08-18 19:47:36 UTC+02:00] [349920] [TweakDB::SetFlat] Type for <TDBID:CAF5E85D:47> is ambiguous, use third parameter to specify the type
[2025-08-18 19:47:36 UTC+02:00] [349920] [TweakDB::SetFlat] Type for <TDBID:E1B460C5:35> is ambiguous, use third parameter to specify the type
[2025-08-18 19:47:36 UTC+02:00] [349920] [TweakDB::SetFlat] Type for <TDBID:79531498:3B> is ambiguous, use third parameter to specify the type
[2025-08-18 19:47:36 UTC+02:00] [349920] [TweakDB::SetFlat] Type for <TDBID:09FEC641:3C> is ambiguous, use third parameter to specify the type
[2025-08-18 19:47:36 UTC+02:00] [349920] [TweakDB::SetFlat] Type for <TDBID:504D1121:42> is ambiguous, use third parameter to specify the type
[2025-08-18 19:47:36 UTC+02:00] [349920] [TweakDB::SetFlat] Type for <TDBID:624374F7:38> is ambiguous, use third parameter to specify the type
[2025-08-18 19:47:36 UTC+02:00] [349920] [TweakDB::SetFlat] Type for <TDBID:5D4308BB:3E> is ambiguous, use third parameter to specify the type
[2025-08-18 19:47:36 UTC+02:00] [349920] [TweakDB::SetFlat] Type for <TDBID:D4D0C240:38> is ambiguous, use third parameter to specify the type
[2025-08-18 19:47:36 UTC+02:00] [349920] [TweakDB::SetFlat] Type for <TDBID:AB2D1A2A:3E> is ambiguous, use third parameter to specify the type
[2025-08-18 19:47:36 UTC+02:00] [349920] [TweakDB::SetFlat] Type for <TDBID:6B8052D8:3E> is ambiguous, use third parameter to specify the type
[2025-08-18 19:47:36 UTC+02:00] [349920] [TweakDB::SetFlat] Type for <TDBID:8E111F9B:44> is ambiguous, use third parameter to specify the type
[2025-08-18 19:47:36 UTC+02:00] [349920] [TweakDB::SetFlat] Type for <TDBID:5E22482D:33> is ambiguous, use third parameter to specify the type
[2025-08-18 19:47:36 UTC+02:00] [349920] [TweakDB::SetFlat] Type for <TDBID:24DCEEE7:39> is ambiguous, use third parameter to specify the type
[2025-08-18 19:47:36 UTC+02:00] [349920] [TweakDB::SetFlat] Type for <TDBID:FA240717:34> is ambiguous, use third parameter to specify the type
[2025-08-18 19:47:36 UTC+02:00] [349920] [TweakDB::SetFlat] Type for <TDBID:A084AFD4:3A> is ambiguous, use third parameter to specify the type
[2025-08-18 19:47:36 UTC+02:00] [349920] [TweakDB::SetFlat] Type for <TDBID:F877F9FD:35> is ambiguous, use third parameter to specify the type
[2025-08-18 19:47:36 UTC+02:00] [349920] [TweakDB::SetFlat] Type for <TDBID:3A630D2E:3B> is ambiguous, use third parameter to specify the type
[2025-08-18 19:47:36 UTC+02:00] [349920] [TweakDB::SetFlat] Type for <TDBID:1DCEED73:34> is ambiguous, use third parameter to specify the type
[2025-08-18 19:47:36 UTC+02:00] [349920] [TweakDB::SetFlat] Type for <TDBID:44EA5A9F:3A> is ambiguous, use third parameter to specify the type
[2025-08-18 19:47:36 UTC+02:00] [349920] [TweakDB::SetFlat] Type for <TDBID:2FAECA29:3D> is ambiguous, use third parameter to specify the type
[2025-08-18 19:47:36 UTC+02:00] [349920] [TweakDB::SetFlat] Type for <TDBID:86D744E7:43> is ambiguous, use third parameter to specify the type
[2025-08-18 19:47:36 UTC+02:00] [349920] [TweakDB::SetFlat] Type for <TDBID:BA2D0806:40> is ambiguous, use third parameter to specify the type
[2025-08-18 19:47:36 UTC+02:00] [349920] [TweakDB::SetFlat] Type for <TDBID:E7CC2B71:46> is ambiguous, use third parameter to specify the type
[2025-08-18 19:47:36 UTC+02:00] [349920] [TweakDB::SetFlat] Type for <TDBID:950776D7:37> is ambiguous, use third parameter to specify the type
[2025-08-18 19:47:36 UTC+02:00] [349920] [TweakDB::SetFlat] Type for <TDBID:84D2F4D2:3D> is ambiguous, use third parameter to specify the type
[2025-08-18 19:47:36 UTC+02:00] [349920] [TweakDB::SetFlat] Type for <TDBID:8293919F:3B> is ambiguous, use third parameter to specify the type
[2025-08-18 19:47:36 UTC+02:00] [349920] [TweakDB::SetFlat] Type for <TDBID:D666A41A:41> is ambiguous, use third parameter to specify the type
[2025-08-18 19:47:36 UTC+02:00] [349920] [TweakDB::SetFlat] Type for <TDBID:46706528:3C> is ambiguous, use third parameter to specify the type
[2025-08-18 19:47:36 UTC+02:00] [349920] [TweakDB::SetFlat] Type for <TDBID:3E71A100:42> is ambiguous, use third parameter to specify the type
[2025-08-18 19:47:36 UTC+02:00] [349920] [TweakDB::SetFlat] Type for <TDBID:1CE268B5:43> is ambi[2025-08-18 19:52:03 UTC+02:00] [325396] [TweakDB::SetFlat] Type for <TDBID:FA240717:34> is ambiguous, use third parameter to specify the type
[2025-08-18 19:52:03 UTC+02:00] [325396] [TweakDB::SetFlat] Type for <TDBID:A084AFD4:3A> is ambiguous, use third parameter to specify the type
[2025-08-18 19:52:03 UTC+02:00] [325396] [TweakDB::SetFlat] Type for <TDBID:F877F9FD:35> is ambiguous, use third parameter to specify the type
[2025-08-18 19:52:03 UTC+02:00] [325396] [TweakDB::SetFlat] Type for <TDBID:3A630D2E:3B> is ambiguous, use third parameter to specify the type
[2025-08-18 19:52:03 UTC+02:00] [325396] [TweakDB::SetFlat] Type for <TDBID:1DCEED73:34> is ambiguous, use third parameter to specify the type
[2025-08-18 19:52:03 UTC+02:00] [325396] [TweakDB::SetFlat] Type for <TDBID:44EA5A9F:3A> is ambiguous, use third parameter to specify the type
[2025-08-18 19:52:03 UTC+02:00] [325396] [TweakDB::SetFlat] Type for <TDBID:2FAECA29:3D> is ambiguous, use third parameter to specify the type
[2025-08-18 19:52:03 UTC+02:00] [325396] [TweakDB::SetFlat] Type for <TDBID:86D744E7:43> is ambiguous, use third parameter to specify the type
[2025-08-18 19:52:03 UTC+02:00] [325396] [TweakDB::SetFlat] Type for <TDBID:BA2D0806:40> is ambiguous, use third parameter to specify the type
[2025-08-18 19:52:03 UTC+02:00] [325396] [TweakDB::SetFlat] Type for <TDBID:E7CC2B71:46> is ambiguous, use third parameter to specify the type
[2025-08-18 19:52:03 UTC+02:00] [325396] [TweakDB::SetFlat] Type for <TDBID:950776D7:37> is ambiguous, use third parameter to specify the type
[2025-08-18 19:52:03 UTC+02:00] [325396] [TweakDB::SetFlat] Type for <TDBID:84D2F4D2:3D> is ambiguous, use third parameter to specify the type
[2025-08-18 19:52:03 UTC+02:00] [325396] [TweakDB::SetFlat] Type for <TDBID:8293919F:3B> is ambiguous, use third parameter to specify the type
[2025-08-18 19:52:03 UTC+02:00] [325396] [TweakDB::SetFlat] Type for <TDBID:D666A41A:41> is ambiguous, use third parameter to specify the type
[2025-08-18 19:52:03 UTC+02:00] [325396] [TweakDB::SetFlat] Type for <TDBID:46706528:3C> is ambiguous, use third parameter to specify the type
[2025-08-18 19:52:03 UTC+02:00] [325396] [TweakDB::SetFlat] Type for <TDBID:3E71A100:42> is ambiguous, use third parameter to specify the type
[2025-08-18 19:52:03 UTC+02:00] [325396] [TweakDB::SetFlat] Type for <TDBID:1CE268B5:43> is ambiguous, use third parameter to specify the type
[2025-08-18 19:52:03 UTC+02:00] [325396] [TweakDB::SetFlat] Type for <TDBID:117BE265:49> is ambiguous, use third parameter to specify the type
[2025-08-18 19:52:03 UTC+02:00] [325396] [TweakDB::SetFlat] Type for <TDBID:9D44D31E:35> is ambiguous, use third parameter to specify the type
[2025-08-18 19:52:03 UTC+02:00] [325396] [TweakDB::SetFlat] Type for <TDBID:8D400D23:3B> is ambiguous, use third parameter to specify the type
[2025-08-18 19:52:03 UTC+02:00] [325396] [TweakDB::SetFlat] Type for <TDBID:EA9BAA61:39> is ambiguous, use third parameter to specify the type
[2025-08-18 19:52:03 UTC+02:00] [325396] [TweakDB::SetFlat] Type for <TDBID:AC7FE793:3F> is ambiguous, use third parameter to specify the type
[2025-08-18 19:52:03 UTC+02:00] [325396] [TweakDB::SetFlat] Type for <TDBID:ABB3F936:36> is ambiguous, use third parameter to specify the type
[2025-08-18 19:52:03 UTC+02:00] [325396] [TweakDB::SetFlat] Type for <TDBID:D6990AE1:3C> is ambiguous, use third parameter to specify the type
[2025-08-18 19:52:03 UTC+02:00] [325396] [TweakDB::SetFlat] Type for <TDBID:44869FD9:45> is ambiguous, use third parameter to specify the type
[2025-08-18 19:52:03 UTC+02:00] [325396] [TweakDB::SetFlat] Type for <TDBID:42B2BE55:4B> is ambiguous, use third parameter to specify the type
[2025-08-18 19:52:03 UTC+02:00] [325396] [TweakDB::SetFlat] Type for <TDBID:E3F40A66:31> is ambiguous, use third parameter to specify the type
[2025-08-18 19:52:03 UTC+02:00] [325396] [TweakDB::SetFlat] Type for <TDBID:ADC99467:37> is ambiguous, use third parameter to specify the type
[2025-08-18 19:52:03 UTC+02:00] [325396] [TweakDB::SetFlat] Type for <TDBID:36AA4404:39> is ambiguous, use third parameter to specify the type
[2025-08-18 19:52:03 UTC+02:00] [325396] [TweakDB::SetFlat] Type for <TDBID:AFA65354:3F> is ambiguous, use third parameter to specify the type
[2025-08-18 19:52:03 UTC+02:00] [325396] [TweakDB::SetFlat] Type for <TDBID:EF62855B:38> is ambiguous, use third parameter to specify the type
[2025-08-18 19:52:03 UTC+02:00] [325396] [TweakDB::SetFlat] Type for <TDBID:B7AAE04B:3E> is ambiguous, use third parameter to specify the type
[2025-08-18 19:52:03 UTC+02:00] [325396] [TweakDB::SetFlat] Type for <TDBID:6228A1BD:37> is ambiguous, use third parameter to specify the type
[2025-08-18 19:52:03 UTC+02:00] [325396] [TweakDB::SetFlat] Type for <TDBID:5EB2A19A:3D> is ambiguous, use third parameter to specify the type
[2025-08-18 19:52:03 UTC+02:00] [325396] [TweakDB::SetFlat] Type for <TDBID:83E3D450:3A> is ambiguous, use third parameter to specify the type
[2025-08-18 19:52:03 UTC+02:00] [325396] [TweakDB::SetFlat] Type for <TDBID:CC3615E9:40> is ambiguous, use third parameter to specify the type
[2025-08-18 19:52:03 UTC+02:00] [325396] [TweakDB::SetFlat] Type for <TDBID:940BEBDC:2D> is ambiguous, use third parameter to specify the type
[2025-08-18 19:52:03 UTC+02:00] [325396] [TweakDB::SetFlat] Type for <TDBID:8C97323F:33> is ambiguous, use third parameter to specify the type
[2025-08-18 19:52:03 UTC+02:00] [325396] [TweakDB::SetFlat] Type for <TDBID:AEBBBC8C:38> is ambiguous, use third parameter to specify the type
[2025-08-18 19:52:03 UTC+02:00] [325396] [TweakDB::SetFlat] Type for <TDBID:3EA407CF:3E> is ambiguous, use third parameter to specify the type
[2025-08-18 19:52:03 UTC+02:00] [325396] [TweakDB::SetFlat] Type for <TDBID:1F57F007:3C> is ambiguous, use third parameter to specify the type
[2025-08-18 19:52:03 UTC+02:00] [325396] [TweakDB::SetFlat] Type for <TDBID:8FE53C3B:42> is ambiguous, use third parameter to specify the type
[2025-08-18 19:52:03 UTC+02:00] [325396] [TweakDB::SetFlat] Type for <TDBID:274D271B:33> is ambiguous, use third parameter to specify the type
[2025-08-18 19:52:03 UTC+02:00] [325396] [TweakDB::SetFlat] Type for <TDBID:D5F85E41:39> is ambiguous, use third parameter to specify the type
[2025-08-18 19:52:03 UTC+02:00] [325396] [TweakDB::SetFlat] Type for <TDBID:860E747A:39> is ambiguous, use third parameter to specify the type
[2025-08-18 19:52:03 UTC+02:00] [325396] [TweakDB::SetFlat] Type for <TDBID:38F8F721:3F> is ambiguous, use third parameter to specify the type
[2025-08-18 19:52:03 UTC+02:00] [325396] [TweakDB::SetFlat] Type for <TDBID:BA0079A6:34> is ambiguous, use third parameter to specify the type
[2025-08-18 19:52:03 UTC+02:00] [325396] [TweakDB::SetFlat] Type for <TDBID:683A8403:3A> is ambiguous, use third parameter to specify the type
[2025-08-18 19:52:03 UTC+02:00] [325396] [TweakDB::SetFlat] Type for <TDBID:21EE210A:3A> is ambiguous, use third parameter to specify the type
[2025-08-18 19:52:03 UTC+02:00] [325396] [TweakDB::SetFlat] Type for <TDBID:C961B086:40> is ambiguous, use third parameter to specify the type
[2025-08-18 19:52:03 UTC+02:00] [325396] [TweakDB::SetFlat] Type for <TDBID:756FE575:38> is ambiguous, use third parameter to specify the type
[2025-08-18 19:52:03 UTC+02:00] [325396] [TweakDB::SetFlat] Type for <TDBID:11D016BB:3E> is ambiguous, use third parameter to specify the type
[2025-08-18 19:52:03 UTC+02:00] [325396] [TweakDB::SetFlat] Type for <TDBID:85F4995D:38> is ambiguous, use third parameter to specify the type
[2025-08-18 19:52:03 UTC+02:00] [325396] [TweakDB::SetFlat] Type for <TDBID:1988895B:3E> is ambiguous, use third parameter to specify the type
[2025-08-18 19:52:03 UTC+02:00] [325396] [TweakDB::SetFlat] Type for <TDBID:CC6B01AC:3B> is ambiguous, use third parameter to specify the type
[2025-08-18 19:52:03 UTC+02:00] [325396] [TweakDB::SetFlat] Type for <TDBID:BC58688B:41> is ambiguous, use third parameter to specify the type
[2025-08-18 19:52:03 UTC+02:00] [325396] [TweakDB::SetFlat] Type for <TDBID:5308C805:35> is ambiguous, use third parameter to specify the type
[2025-08-18 19:52:03 UTC+02:00] [325396] [TweakDB::SetFlat] Type for <TDBID:B9920527:3B> is ambiguous, use third parameter to specify the type
[2025-08-18 19:52:03 UTC+02:00] [325396] [TweakDB::SetFlat] Type for <TDBID:BAC45FB0:40> is ambiguous, use third parameter to specify the type
[2025-08-18 19:52:03 UTC+02:00] [325396] [TweakDB::SetFlat] Type for <TDBID:0A1BC670:46> is ambiguous, use third parameter to specify the type
[2025-08-18 19:52:03 UTC+02:00] [325396] [TweakDB::SetFlat] Type for <TDBID:B7254ED0:3A> is ambiguous, use third parameter to specify the type
[2025-08-18 19:52:03 UTC+02:00] [325396] [TweakDB::SetFlat] Type for <TDBID:3974C216:40> is ambiguous, use third parameter to specify the type
[2025-08-18 19:52:03 UTC+02:00] [325396] [TweakDB::SetFlat] Type for <TDBID:9C196A7D:37> is ambiguous, use third parameter to specify the type
[2025-08-18 19:52:03 UTC+02:00] [325396] [TweakDB::SetFlat] Type for <TDBID:2652A7FA:3D> is ambiguous, use third parameter to specify the type
[2025-08-18 19:52:03 UTC+02:00] [325396] [TweakDB::SetFlat] Type for <TDBID:59F5DF16:3A> is ambiguous, use third parameter to specify the type
[2025-08-18 19:52:03 UTC+02:00] [325396] [TweakDB::SetFlat] Type for <TDBID:978B752C:40> is ambiguous, use third parameter to specify the type
[2025-08-18 19:52:03 UTC+02:00] [325396] [TweakDB::SetFlat] Type for <TDBID:BFB117E7:34> is ambiguous, use third parameter to specify the type
[2025-08-18 19:52:03 UTC+02:00] [325396] [TweakDB::SetFlat] Type for <TDBID:29397FF2:3A> is ambiguous, use third parameter to specify the type
[2025-08-18 19:52:03 UTC+02:00] [325396] [TweakDB::SetFlat] Type for <TDBID:A5EE9075:38> is ambiguous, use third parameter to specify the type
[2025-08-18 19:52:03 UTC+02:00] [325396] [TweakDB::SetFlat] Type for <TDBID:F88E9D6A:3E> is ambiguous, use third parameter to specify the type
[2025-08-18 19:52:03 UTC+02:00] [325396] [TweakDB::SetFlat] Type for <TDBID:F84D4B9F:39> is ambiguous, use third parameter to specify the type
[2025-08-18 19:52:03 UTC+02:00] [325396] [TweakDB::SetFlat] Type for <TDBID:8ACEE0CE:3F> is ambiguous, use third parameter to specify the type
[2025-08-18 19:52:03 UTC+02:00] [325396] [TweakDB::SetFlat] Type for <TDBID:BF018CE1:42> is ambiguous, use third parameter to specify the type
[2025-08-18 19:52:03 UTC+02:00] [325396] [TweakDB::SetFlat] Type for <TDBID:44C4C474:48> is ambiguous, use third parameter to specify the type
[2025-08-18 19:52:03 UTC+02:00] [325396] [TweakDB::SetFlat] Type for <TDBID:6DB1B227:3A> is ambiguous, use third parameter to specify the type
[2025-08-18 19:52:03 UTC+02:00] [325396] [TweakDB::SetFlat] Type for <TDBID:0E1B90FE:40> is ambiguous, use third parameter to specify the type
[2025-08-18 19:52:03 UTC+02:00] [325396] [TweakDB::SetFlat] Type for <TDBID:DEA97EDF:42> is ambiguous, use third parameter to specify the type
[2025-08-18 19:52:03 UTC+02:00] [325396] [TweakDB::SetFlat] Type for <TDBID:898A3169:48> is ambiguous, use third parameter to specify the type
[2025-08-18 19:52:03 UTC+02:00] [325396] [TweakDB::SetFlat] Type for <TDBID:405DBBF1:3E> is ambiguous, use third parameter to specify the type
[2025-08-18 19:52:03 UTC+02:00] [325396] [TweakDB::SetFlat] Type for <TDBID:6B50268E:44> is ambiguous, use third parameter to specify the type
[2025-08-18 19:52:03 UTC+02:00] [325396] [TweakDB::SetFlat] Type for <TDBID:A401F2F7:35> is ambiguous, use third parameter to specify the type
[2025-08-18 19:52:03 UTC+02:00] [325396] [TweakDB::SetFlat] Type for <TDBID:C7DA37CD:3B> is ambiguous, use third parameter to specify the type
[2025-08-18 19:52:03 UTC+02:00] [325396] [TweakDB::SetFlat] Type for <TDBID:10F8AE1A:3B> is ambiguous, use third parameter to specify the type
[2025-08-18 19:52:03 UTC+02:00] [325396] [TweakDB::SetFlat] Type for <TDBID:A9DA12BA:41> is ambiguous, use third parameter to specify the type
[2025-08-18 19:52:03 UTC+02:00] [325396] [TweakDB::SetFlat] Type for <TDBID:E110A79F:39> is ambiguous, use third parameter to specify the type
[2025-08-18 19:52:03 UTC+02:00] [325396] [TweakDB::SetFlat] Type for <TDBID:4D7A8590:3F> is ambiguous, use third parameter to specify the type
[2025-08-18 19:52:03 UTC+02:00] [325396] [TweakDB::SetFlat] Type for <TDBID:358EC652:37> is ambiguous, use third parameter to specify the type
[2025-08-18 19:52:03 UTC+02:00] [325396] [TweakDB::SetFlat] Type for <TDBID:9341DD7C:3D> is ambiguous, use third parameter to specify the type
[2025-08-18 19:52:03 UTC+02:00] [325396] [TweakDB::SetFlat] Type for <TDBID:D28EB679:1F> is ambiguous, use third parameter to specify the type
[2025-08-18 19:52:03 UTC+02:00] [325396] [TweakDB::SetFlat] Type for <TDBID:AB550E63:25> is ambiguous, use third parameter to specify the type
[2025-08-18 19:52:03 UTC+02:00] [325396] [TweakDB::SetFlat] Type for <TDBID:E1C44C45:33> is ambiguous, use third parameter to specify the type
[2025-08-18 19:52:03 UTC+02:00] [325396] [TweakDB::SetFlat] Type for <TDBID:08ED62D9:39> is ambiguous, use third parameter to specify the type
[2025-08-18 19:52:03 UTC+02:00] [325396] [TweakDB::SetFlat] Type for <TDBID:7EEE0BB2:3D> is ambiguous, use third parameter to specify the type
[2025-08-18 19:52:03 UTC+02:00] [325396] [TweakDB::SetFlat] Type for <TDBID:D3697FB6:43> is ambiguous, use third parameter to specify the type
[2025-08-18 19:52:03 UTC+02:00] [325396] [TweakDB::SetFlat] Type for <TDBID:8A4B5031:3C> is ambiguous, use third parameter to specify the type
[2025-08-18 19:52:03 UTC+02:00] [325396] [TweakDB::SetFlat] Type for <TDBID:CCF6D521:42> is ambiguous, use third parameter to specify the type
[2025-08-18 19:52:03 UTC+02:00] [325396] [TweakDB::SetFlat] Type for <TDBID:FFD4A6A8:37> is ambiguous, use third parameter to specify the type
[2025-08-18 19:52:03 UTC+02:00] [325396] [TweakDB::SetFlat] Type for <TDBID:86F26C1E:3D> is ambiguous, use third parameter to specify the type
[2025-08-18 19:52:03 UTC+02:00] [325396] [TweakDB::SetFlat] Type for <TDBID:5227C183:3B> is ambiguous, use third parameter to specify the type
[2025-08-18 19:52:03 UTC+02:00] [325396] [TweakDB::SetFlat] Type for <TDBID:85F845CC:41> is ambiguous, use third parameter to specify the type
[2025-08-18 19:52:03 UTC+02:00] [325396] [TweakDB::SetFlat] Type for <TDBID:65FA593D:3E> is ambiguous, use third parameter to specify the type
[2025-08-18 19:52:03 UTC+02:00] [325396] [TweakDB::SetFlat] Type for <TDBID:B154C949:44> is ambiguous, use third parameter to specify the type
[2025-08-18 19:52:03 UTC+02:00] [325396] [TweakDB::SetFlat] Type for <TDBID:AA78F770:36> is ambiguous, use third parameter to specify the type
[2025-08-18 19:52:03 UTC+02:00] [325396] [TweakDB::SetFlat] Type for <TDBID:10265EC1:3C> is ambiguous, use third parameter to specify the type
[2025-08-18 19:52:03 UTC+02:00] [325396] [TweakDB::SetFlat] Type for <TDBID:FFF1F046:36> is ambiguous, use third parameter to specify the type
[2025-08-18 19:52:03 UTC+02:00] [325396] [TweakDB::SetFlat] Type for <TDBID:8A03738B:3C> is ambiguous, use third parameter to specify the type
[2025-08-18 19:52:03 UTC+02:00] [325396] [TweakDB::SetFlat] Type for <TDBID:6CC116CA:3C> is ambiguous, use third parameter to specify the type
[2025-08-18 19:52:03 UTC+02:00] [325396] [TweakDB::SetFlat] Type for <TDBID:4B9B6B5F:42> is ambiguous, use third parameter to specify the type
[2025-08-18 19:52:03 UTC+02:00] [325396] [TweakDB::SetFlat] Type for <TDBID:7A0E7271:30> is ambiguous, use third parameter to specify the type
[2025-08-18 19:52:03 UTC+02:00] [325396] [TweakDB::SetFlat] Type for <TDBID:61A178F6:36> is ambiguous, use third parameter to specify the type
[2025-08-18 19:52:03 UTC+02:00] [325396] [TweakDB::SetFlat] Type for <TDBID:D0AD5D73:3D> is ambiguous, use third parameter to specify the type
[2025-08-18 19:52:03 UTC+02:00] [325396] [TweakDB::SetFlat] Type for <TDBID:E4C90F75:43> is ambiguous, use third parameter to specify the type
[2025-08-18 19:52:03 UTC+02:00] [325396] [TweakDB::SetFlat] Type for <TDBID:E742ADED:3A> is ambiguous, use third parameter to specify the type
[2025-08-18 19:52:03 UTC+02:00] [325396] [TweakDB::SetFlat] Type for <TDBID:24A98A60:40> is ambiguous, use third parameter to specify the type
[2025-08-18 19:52:03 UTC+02:00] [325396] [TweakDB::SetFlat] Type for <TDBID:6692A74B:3C> is ambiguous, use third parameter to specify the type
[2025-08-18 19:52:03 UTC+02:00] [325396] [TweakDB::SetFlat] Type for <TDBID:67FFA81C:42> is ambiguous, use third parameter to specify the type
[2025-08-18 19:52:03 UTC+02:00] [325396] [TweakDB::SetFlat] Type for <TDBID:6425E701:38> is ambiguous, use third parameter to specify the type
[2025-08-18 19:52:03 UTC+02:00] [325396] [TweakDB::SetFlat] Type for <TDBID:12EE7B12:3E> is ambiguous, use third parameter to specify the type
[2025-08-18 19:52:03 UTC+02:00] [325396] [TweakDB::SetFlat] Type for <TDBID:33A0A05D:32> is ambiguous, use third parameter to specify the type
[2025-08-18 19:52:03 UTC+02:00] [325396] [TweakDB::SetFlat] Type for <TDBID:300549FB:38> is ambiguous, use third parameter to specify the type
[2025-08-18 19:52:03 UTC+02:00] [325396] [TweakDB::SetFlat] Type for <TDBID:F7CDAEC9:37> is ambiguous, use third parameter to specify the type
[2025-08-18 19:52:03 UTC+02:00] [325396] [TweakDB::SetFlat] Type for <TDBID:5628B28D:3D> is ambiguous, use third parameter to specify the type
[2025-08-18 19:52:03 UTC+02:00] [325396] [TweakDB::SetFlat] Type for <TDBID:D78AAE79:39> is ambiguous, use third parameter to specify the type
[2025-08-18 19:52:03 UTC+02:00] [325396] [TweakDB::SetFlat] Type for <TDBID:726C879C:3F> is ambiguous, use third parameter to specify the type
[2025-08-18 19:52:03 UTC+02:00] [325396] [TweakDB::SetFlat] Type for <TDBID:9CDA507D:28> is ambiguous, use third parameter to specify the type
[2025-08-18 19:52:03 UTC+02:00] [325396] [TweakDB::SetFlat] Type for <TDBID:A93B4635:2E> is ambiguous, use third parameter to specify the type
[2025-08-18 19:52:03 UTC+02:00] [325396] [TweakDB::SetFlat] Type for <TDBID:57B4D7F4:35> is ambiguous, use third parameter to specify the type
[2025-08-18 19:52:03 UTC+02:00] [325396] [TweakDB::SetFlat] Type for <TDBID:D5419636:3B> is ambiguous, use third parameter to specify the type
[2025-08-18 19:52:03 UTC+02:00] [325396] [TweakDB::SetFlat] Type for <TDBID:93BDD8D7:33> is ambiguous, use third parameter to specify the type
[2025-08-18 19:52:03 UTC+02:00] [325396] [TweakDB::SetFlat] Type for <TDBID:3D870769:39> is ambiguous, use third parameter to specify the type
[2025-08-18 19:52:03 UTC+02:00] [325396] [TweakDB::SetFlat] Type for <TDBID:7B74019F:3B> is ambiguous, use third parameter to specify the type
[2025-08-18 19:52:03 UTC+02:00] [325396] [TweakDB::SetFlat] Type for <TDBID:F6DDB2D4:41> is ambiguous, use third parameter to specify the type
[2025-08-18 19:52:03 UTC+02:00] [325396] [TweakDB::SetFlat] Type for <TDBID:2DC8DD74:3C> is ambiguous, use third parameter to specify the type
[2025-08-18 19:52:03 UTC+02:00] [325396] [TweakDB::SetFlat] Type for <TDBID:F9CE68ED:42> is ambiguous, use third parameter to specify the type
[2025-08-18 19:52:03 UTC+02:00] [325396] [TweakDB::SetFlat] Type for <TDBID:8D14DDEE:37> is ambiguous, use third parameter to specify the type
[2025-08-18 19:52:03 UTC+02:00] [325396] [TweakDB::SetFlat] Type for <TDBID:F0C90689:3D> is ambiguous, use third parameter to specify the type
[2025-08-18 19:52:03 UTC+02:00] [325396] [TweakDB::SetFlat] Type for <TDBID:934F9782:35> is ambiguous, use third parameter to specify the type
[2025-08-18 19:52:03 UTC+02:00] [325396] [TweakDB::SetFlat] Type for <TDBID:97088F99:3B> is ambiguous, use third parameter to specify the type
[2025-08-18 19:52:03 UTC+02:00] [325396] [TweakDB::SetFlat] Type for <TDBID:B2AFEC23:35> is ambiguous, use third parameter to specify the type
[2025-08-18 19:52:03 UTC+02:00] [325396] [TweakDB::SetFlat] Type for <TDBID:24BAF1E3:3B> is ambiguous, use third parameter to specify the type
[2025-08-18 19:52:03 UTC+02:00] [325396] [TweakDB::SetFlat] Type for <TDBID:F0B66379:3A> is ambiguous, use third parameter to specify the type
[2025-08-18 19:52:03 UTC+02:00] [325396] [TweakDB::SetFlat] Type for <TDBID:E416BC8A:40> is ambiguous, use third parameter to specify the type
[2025-08-18 19:52:03 UTC+02:00] [325396] [TweakDB::SetFlat] Type for <TDBID:785D2E7C:45> is ambiguous, use third parameter to specify the type
[2025-08-18 19:52:03 UTC+02:00] [325396] [TweakDB::SetFlat] Type for <TDBID:FAE03DC0:4B> is ambiguous, use third parameter to specify the type
[2025-08-18 19:52:03 UTC+02:00] [325396] [TweakDB::SetFlat] Type for <TDBID:D95C3137:3A> is ambiguous, use third parameter to specify the type
[2025-08-18 19:52:03 UTC+02:00] [325396] [TweakDB::SetFlat] Type for <TDBID:1DC9970E:40> is ambiguous, use third parameter to specify the type
[2025-08-18 19:52:03 UTC+02:00] [325396] [TweakDB::SetFlat] Type for <TDBID:5C6039B3:33> is ambiguous, use third parameter to specify the type
[2025-08-18 19:52:03 UTC+02:00] [325396] [TweakDB::SetFlat] Type for <TDBID:F59B1473:39> is ambiguous, use third parameter to specify the type
[2025-08-18 19:52:03 UTC+02:00] [325396] [TweakDB::SetFlat] Type for <TDBID:7B8966AA:38> is ambiguous, use third parameter to specify the type
[2025-08-18 19:52:03 UTC+02:00] [325396] [TweakDB::SetFlat] Type for <TDBID:FD7441ED:3E> is ambiguous, use third parameter to specify the type
[2025-08-18 19:52:03 UTC+02:00] [325396] [TweakDB::SetFlat] Type for <TDBID:7A4D4C9B:3A> is ambiguous, use third parameter to specify the type
[2025-08-18 19:52:03 UTC+02:00] [325396] [TweakDB::SetFlat] Type for <TDBID:41CEB126:40> is ambiguous, use third parameter to specify the type
[2025-08-18 19:52:03 UTC+02:00] [325396] [TweakDB::SetFlat] Type for <TDBID:E7019307:30> is ambiguous, use third parameter to specify the type
[2025-08-18 19:52:03 UTC+02:00] [325396] [TweakDB::SetFlat] Type for <TDBID:04C643B0:36> is ambiguous, use third parameter to specify the type
[2025-08-18 19:52:03 UTC+02:00] [325396] [TweakDB::SetFlat] Type for <TDBID:2408F363:37> is ambiguous, use third parameter to specify the type
[2025-08-18 19:52:03 UTC+02:00] [325396] [TweakDB::SetFlat] Type for <TDBID:E0701E22:3D> is ambiguous, use third parameter to specify the type
[2025-08-18 19:52:03 UTC+02:00] [325396] [TweakDB::SetFlat] Type for <TDBID:546B9366:3B> is ambiguous, use third parameter to specify the type
[2025-08-18 19:52:03 UTC+02:00] [325396] [TweakDB::SetFlat] Type for <TDBID:54EDC861:41> is ambiguous, use third parameter to specify the type
[2025-08-18 19:52:03 UTC+02:00] [325396] [TweakDB::SetFlat] Type for <TDBID:748B5593:33> is ambiguous, use third parameter to specify the type
[2025-08-18 19:52:03 UTC+02:00] [325396] [TweakDB::SetFlat] Type for <TDBID:99D55A68:39> is ambiguous, use third parameter to specify the type
[2025-08-18 19:52:03 UTC+02:00] [325396] [TweakDB::SetFlat] Type for <TDBID:D960D272:39> is ambiguous, use third parameter to specify the type
[2025-08-18 19:52:03 UTC+02:00] [325396] [TweakDB::SetFlat] Type for <TDBID:97D5F6C7:3F> is ambiguous, use third parameter to specify the type
[2025-08-18 19:52:03 UTC+02:00] [325396] [TweakDB::SetFlat] Type for <TDBID:37830386:41> is ambiguous, use third parameter to specify the type
[2025-08-18 19:52:03 UTC+02:00] [325396] [TweakDB::SetFlat] Type for <TDBID:CAF5E85D:47> is ambiguous, use third parameter to specify the type
[2025-08-18 19:52:03 UTC+02:00] [325396] [TweakDB::SetFlat] Type for <TDBID:E1B460C5:35> is ambiguous, use third parameter to specify the type
[2025-08-18 19:52:03 UTC+02:00] [325396] [TweakDB::SetFlat] Type for <TDBID:79531498:3B> is ambiguous, use third parameter to specify the type
[2025-08-18 19:52:03 UTC+02:00] [325396] [TweakDB::SetFlat] Type for <TDBID:09FEC641:3C> is ambiguous, use third parameter to specify the type
[2025-08-18 19:52:03 UTC+02:00] [325396] [TweakDB::SetFlat] Type for <TDBID:504D1121:42> is ambiguous, use third parameter to specify the type
[2025-08-18 19:52:03 UTC+02:00] [325396] [TweakDB::SetFlat] Type for <TDBID:5E22482D:33> is ambiguous, use third parameter to specify the type
[2025-08-18 19:52:03 UTC+02:00] [325396] [TweakDB::SetFlat] Type for <TDBID:24DCEEE7:39> is ambiguous, use third parameter to specify the type
[2025-08-18 19:52:03 UTC+02:00] [325396] [TweakDB::SetFlat] Type for <TDBID:6B8052D8:3E> is ambiguous, use third parameter to specify the type
[2025-08-18 19:52:03 UTC+02:00] [325396] [TweakDB::SetFlat] Type for <TDBID:8E111F9B:44> is ambiguous, use third parameter to specify the type
[2025-08-18 19:52:03 UTC+02:00] [325396] [TweakDB::SetFlat] Type for <TDBID:D4D0C240:38> is ambiguous, use third parameter to specify the type
[2025-08-18 19:52:03 UTC+02:00] [325396] [TweakDB::SetFlat] Type for <TDBID:AB2D1A2A:3E> is ambiguous, use third parameter to specify the type
[2025-08-18 19:52:03 UTC+02:00] [325396] [TweakDB::SetFlat] Type for <TDBID:624374F7:38> is ambiguous, use third parameter to specify the type
[2025-08-18 19:52:03 UTC+02:00] [325396] [TweakDB::SetFlat] Type for <TDBID:5D4308BB:3E> is ambiguous, use third parameter to specify the type
[2025-08-18 19:52:12 UTC+02:00] [349488] [TweakDB::SetFlat] Type for <TDBID:FA240717:34> is ambiguous, use third parameter to specify the type
[2025-08-18 19:52:12 UTC+02:00] [349488] [TweakDB::SetFlat] Type for <TDBID:A084AFD4:3A> is ambiguous, use third parameter to specify the type
[2025-08-18 19:52:12 UTC+02:00] [349488] [TweakDB::SetFlat] Type for <TDBID:F877F9FD:35> is ambiguous, use third parameter to specify the type
[2025-08-18 19:52:12 UTC+02:00] [349488] [TweakDB::SetFlat] Type for <TDBID:3A630D2E:3B> is ambiguous, use third parameter to specify the type
[2025-08-18 19:52:12 UTC+02:00] [349488] [TweakDB::SetFlat] Type for <TDBID:1DCEED73:34> is ambiguous, use third parameter to specify the type
[2025-08-18 19:52:12 UTC+02:00] [349488] [TweakDB::SetFlat] Type for <TDBID:44EA5A9F:3A> is ambiguous, use third parameter to specify the type
[2025-08-18 19:52:12 UTC+02:00] [349488] [TweakDB::SetFlat] Type for <TDBID:2FAECA29:3D> is ambiguous, use third parameter to specify the type
[2025-08-18 19:52:12 UTC+02:00] [349488] [TweakDB::SetFlat] Type for <TDBID:86D744E7:43> is ambiguous, use third parameter to specify the type
[2025-08-18 19:52:12 UTC+02:00] [349488] [TweakDB::SetFlat] Type for <TDBID:BA2D0806:40> is ambiguous, use third parameter to specify the type
[2025-08-18 19:52:12 UTC+02:00] [349488] [TweakDB::SetFlat] Type for <TDBID:E7CC2B71:46> is ambiguous, use third parameter to specify the type
[2025-08-18 19:52:12 UTC+02:00] [349488] [TweakDB::SetFlat] Type for <TDBID:950776D7:37> is ambiguous, use third parameter to specify the type
[2025-08-18 19:52:12 UTC+02:00] [349488] [TweakDB::SetFlat] Type for <TDBID:84D2F4D2:3D> is ambiguous, use third parameter to specify the type
[2025-08-18 19:52:12 UTC+02:00] [349488] [TweakDB::SetFlat] Type for <TDBID:8293919F:3B> is ambiguous, use third parameter to specify the type
[2025-08-18 19:52:12 UTC+02:00] [349488] [TweakDB::SetFlat] Type for <TDBID:D666A41A:41> is ambiguous, use third parameter to specify the type
[2025-08-18 19:52:12 UTC+02:00] [349488] [TweakDB::SetFlat] Type for <TDBID:46706528:3C> is ambiguous, use third parameter to specify the type
[2025-08-18 19:52:12 UTC+02:00] [349488] [TweakDB::SetFlat] Type for <TDBID:3E71A100:42> is ambiguous, use third parameter to specify the type
[2025-08-18 19:52:12 UTC+02:00] [349488] [TweakDB::SetFlat] Type for <TDBID:1CE268B5:43> is ambiguous, use third parameter to specify the type
[2025-08-18 19:52:12 UTC+02:00] [349488] [TweakDB::SetFlat] Type for <TDBID:117BE265:49> is ambiguous, use third parameter to specify the type
[2025-08-18 19:52:12 UTC+02:00] [349488] [TweakDB::SetFlat] Type for <TDBID:9D44D31E:35> is ambiguous, use third parameter to specify the type
[2025-08-18 19:52:12 UTC+02:00] [349488] [TweakDB::SetFlat] Type for <TDBID:8D400D23:3B> is ambiguous, use third parameter to specify the type
[2025-08-18 19:52:12 UTC+02:00] [349488] [TweakDB::SetFlat] Type for <TDBID:EA9BAA61:39> is ambiguous, use third parameter to specify the type
[2025-08-18 19:52:12 UTC+02:00] [349488] [TweakDB::SetFlat] Type for <TDBID:AC7FE793:3F> is ambiguous, use third parameter to specify the type
[2025-08-18 19:52:12 UTC+02:00] [349488] [TweakDB::SetFlat] Type for <TDBID:ABB3F936:36> is ambiguous, use third parameter to specify the type
[2025-08-18 19:52:12 UTC+02:00] [349488] [TweakDB::SetFlat] Type for <TDBID:D6990AE1:3C> is ambiguous, use third parameter to specify the type
[2025-08-18 19:52:12 UTC+02:00] [349488] [TweakDB::SetFlat] Type for <TDBID:44869FD9:45> is ambiguous, use third parameter to specify the type
[2025-08-18 19:52:12 UTC+02:00] [349488] [TweakDB::SetFlat] Type for <TDBID:42B2BE55:4B> is ambiguous, use third parameter to specify the type
[2025-08-18 19:52:12 UTC+02:00] [349488] [TweakDB::SetFlat] Type for <TDBID:E3F40A66:31> is ambiguous, use third parameter to specify the type
[2025-08-18 19:52:12 UTC+02:00] [349488] [TweakDB::SetFlat] Type for <TDBID:ADC99467:37> is ambiguous, use third parameter to specify the type
[2025-08-18 19:52:12 UTC+02:00] [349488] [TweakDB::SetFlat] Type for <TDBID:36AA4404:39> is ambiguous, use third parameter to specify the type
[2025-08-18 19:52:12 UTC+02:00] [349488] [TweakDB::SetFlat] Type for <TDBID:AFA65354:3F> is ambiguous, use third parameter to specify the type
[2025-08-18 19:52:12 UTC+02:00] [349488] [TweakDB::SetFlat] Type for <TDBID:EF62855B:38> is ambiguous, use third parameter to specify the type
[2025-08-18 19:52:12 UTC+02:00] [349488] [TweakDB::SetFlat] Type for <TDBID:B7AAE04B:3E> is ambiguous, use third parameter to specify the type
[2025-08-18 19:52:12 UTC+02:00] [349488] [TweakDB::SetFlat] Type for <TDBID:6228A1BD:37> is ambiguous, use third parameter to specify the type
[2025-08-18 19:52:12 UTC+02:00] [349488] [TweakDB::SetFlat] Type for <TDBID:5EB2A19A:3D> is ambiguous, use third parameter to specify the type
[2025-08-18 19:52:12 UTC+02:00] [349488] [TweakDB::SetFlat] Type for <TDBID:83E3D450:3A> is ambiguous, use third parameter to specify the type
[2025-08-18 19:52:12 UTC+02:00] [349488] [TweakDB::SetFlat] Type for <TDBID:CC3615E9:40> is ambiguous, use third parameter to specify the type
[2025-08-18 19:52:12 UTC+02:00] [349488] [TweakDB::SetFlat] Type for <TDBID:940BEBDC:2D> is ambiguous, use third parameter to specify the type
[2025-08-18 19:52:12 UTC+02:00] [349488] [TweakDB::SetFlat] Type for <TDBID:8C97323F:33> is ambiguous, use third parameter to specify the type
[2025-08-18 19:52:12 UTC+02:00] [349488] [TweakDB::SetFlat] Type for <TDBID:AEBBBC8C:38> is ambiguous, use third parameter to specify the type
[2025-08-18 19:52:12 UTC+02:00] [349488] [TweakDB::SetFlat] Type for <TDBID:3EA407CF:3E> is ambiguous, use third parameter to specify the type
[2025-08-18 19:52:12 UTC+02:00] [349488] [TweakDB::SetFlat] Type for <TDBID:1F57F007:3C> is ambiguous, use third parameter to specify the type
[2025-08-18 19:52:12 UTC+02:00] [349488] [TweakDB::SetFlat] Type for <TDBID:8FE53C3B:42> is ambiguous, use third parameter to specify the type
[2025-08-18 19:52:12 UTC+02:00] [349488] [TweakDB::SetFlat] Type for <TDBID:274D271B:33> is ambiguous, use third parameter to specify the type
[2025-08-18 19:52:12 UTC+02:00] [349488] [TweakDB::SetFlat] Type for <TDBID:D5F85E41:39> is ambiguous, use third parameter to specify the type
[2025-08-18 19:52:12 UTC+02:00] [349488] [TweakDB::SetFlat] Type for <TDBID:860E747A:39> is ambiguous, use third parameter to specify the type
[2025-08-18 19:52:12 UTC+02:00] [349488] [TweakDB::SetFlat] Type for <TDBID:38F8F721:3F> is ambiguous, use third parameter to specify the type
[2025-08-18 19:52:12 UTC+02:00] [349488] [TweakDB::SetFlat] Type for <TDBID:BA0079A6:34> is ambiguous, use third parameter to specify the type
[2025-08-18 19:52:12 UTC+02:00] [349488] [TweakDB::SetFlat] Type for <TDBID:683A8403:3A> is ambiguous, use third parameter to specify the type
[2025-08-18 19:52:12 UTC+02:00] [349488] [TweakDB::SetFlat] Type for <TDBID:21EE210A:3A> is ambiguous, use third parameter to specify the type
[2025-08-18 19:52:12 UTC+02:00] [349488] [TweakDB::SetFlat] Type for <TDBID:C961B086:40> is ambiguous, use third parameter to specify the type
[2025-08-18 19:52:12 UTC+02:00] [349488] [TweakDB::SetFlat] Type for <TDBID:756FE575:38> is ambiguous, use third parameter to specify the type
[2025-08-18 19:52:12 UTC+02:00] [349488] [TweakDB::SetFlat] Type for <TDBID:11D016BB:3E> is ambiguous, use third parameter to specify the type
[2025-08-18 19:52:12 UTC+02:00] [349488] [TweakDB::SetFlat] Type for <TDBID:85F4995D:38> is ambiguous, use third parameter to specify the type
[2025-08-18 19:52:12 UTC+02:00] [349488] [TweakDB::SetFlat] Type for <TDBID:1988895B:3E> is ambiguous, use third parameter to specify the type
[2025-08-18 19:52:12 UTC+02:00] [349488] [TweakDB::SetFlat] Type for <TDBID:CC6B01AC:3B> is ambiguous, use third parameter to specify the type
[2025-08-18 19:52:12 UTC+02:00] [349488] [TweakDB::SetFlat] Type for <TDBID:BC58688B:41> is ambiguous, use third parameter to specify the type
[2025-08-18 19:52:12 UTC+02:00] [349488] [TweakDB::SetFlat] Type for <TDBID:5308C805:35> is ambiguous, use third parameter to specify the type
[2025-08-18 19:52:12 UTC+02:00] [349488] [TweakDB::SetFlat] Type for <TDBID:B9920527:3B> is ambiguous, use third parameter to specify the type
[2025-08-18 19:52:12 UTC+02:00] [349488] [TweakDB::SetFlat] Type for <TDBID:BAC45FB0:40> is ambiguous, use third parameter to specify the type
[2025-08-18 19:52:12 UTC+02:00] [349488] [TweakDB::SetFlat] Type for <TDBID:0A1BC670:46> is ambiguous, use third parameter to specify the type
[2025-08-18 19:52:12 UTC+02:00] [349488] [TweakDB::SetFlat] Type for <TDBID:B7254ED0:3A> is ambiguous, use third parameter to specify the type
[2025-08-18 19:52:12 UTC+02:00] [349488] [TweakDB::SetFlat] Type for <TDBID:3974C216:40> is ambiguous, use third parameter to specify the type
[2025-08-18 19:52:12 UTC+02:00] [349488] [TweakDB::SetFlat] Type for <TDBID:9C196A7D:37> is ambiguous, use third parameter to specify the type
[2025-08-18 19:52:12 UTC+02:00] [349488] [TweakDB::SetFlat] Type for <TDBID:2652A7FA:3D> is ambiguous, use third parameter to specify the type
[2025-08-18 19:52:12 UTC+02:00] [349488] [TweakDB::SetFlat] Type for <TDBID:59F5DF16:3A> is ambiguous, use third parameter to specify the type
[2025-08-18 19:52:12 UTC+02:00] [349488] [TweakDB::SetFlat] Type for <TDBID:978B752C:40> is ambiguous, use third parameter to specify the type
[2025-08-18 19:52:12 UTC+02:00] [349488] [TweakDB::SetFlat] Type for <TDBID:BFB117E7:34> is ambiguous, use third parameter to specify the type
[2025-08-18 19:52:12 UTC+02:00] [349488] [TweakDB::SetFlat] Type for <TDBID:29397FF2:3A> is ambiguous, use third parameter to specify the type
[2025-08-18 19:52:12 UTC+02:00] [349488] [TweakDB::SetFlat] Type for <TDBID:A5EE9075:38> is ambiguous, use third parameter to specify the type
[2025-08-18 19:52:12 UTC+02:00] [349488] [TweakDB::SetFlat] Type for <TDBID:F88E9D6A:3E> is ambiguous, use third parameter to specify the type
[2025-08-18 19:52:12 UTC+02:00] [349488] [TweakDB::SetFlat] Type for <TDBID:F84D4B9F:39> is ambiguous, use third parameter to specify the type
[2025-08-18 19:52:12 UTC+02:00] [349488] [TweakDB::SetFlat] Type for <TDBID:8ACEE0CE:3F> is ambiguous, use third parameter to specify the type
[2025-08-18 19:52:12 UTC+02:00] [349488] [TweakDB::SetFlat] Type for <TDBID:BF018CE1:42> is ambiguous, use third parameter to specify the type
[2025-08-18 19:52:12 UTC+02:00] [349488] [TweakDB::SetFlat] Type for <TDBID:44C4C474:48> is ambiguous, use third parameter to specify the type
[2025-08-18 19:52:12 UTC+02:00] [349488] [TweakDB::SetFlat] Type for <TDBID:6DB1B227:3A> is ambiguous, use third parameter to specify the type
[2025-08-18 19:52:12 UTC+02:00] [349488] [TweakDB::SetFlat] Type for <TDBID:0E1B90FE:40> is ambiguous, use third parameter to specify the type
[2025-08-18 19:52:12 UTC+02:00] [349488] [TweakDB::SetFlat] Type for <TDBID:DEA97EDF:42> is ambiguous, use third parameter to specify the type
[2025-08-18 19:52:12 UTC+02:00] [349488] [TweakDB::SetFlat] Type for <TDBID:898A3169:48> is ambiguous, use third parameter to specify the type
[2025-08-18 19:52:12 UTC+02:00] [349488] [TweakDB::SetFlat] Type for <TDBID:405DBBF1:3E> is ambiguous, use third parameter to specify the type
[2025-08-18 19:52:12 UTC+02:00] [349488] [TweakDB::SetFlat] Type for <TDBID:6B50268E:44> is ambiguous, use third parameter to specify the type
[2025-08-18 19:52:12 UTC+02:00] [349488] [TweakDB::SetFlat] Type for <TDBID:A401F2F7:35> is ambiguous, use third parameter to specify the type
[2025-08-18 19:52:12 UTC+02:00] [349488] [TweakDB::SetFlat] Type for <TDBID:C7DA37CD:3B> is ambiguous, use third parameter to specify the type
[2025-08-18 19:52:12 UTC+02:00] [349488] [TweakDB::SetFlat] Type for <TDBID:10F8AE1A:3B> is ambiguous, use third parameter to specify the type
[2025-08-18 19:52:12 UTC+02:00] [349488] [TweakDB::SetFlat] Type for <TDBID:A9DA12BA:41> is ambiguous, use third parameter to specify the type
[2025-08-18 19:52:12 UTC+02:00] [349488] [TweakDB::SetFlat] Type for <TDBID:E110A79F:39> is ambiguous, use third parameter to specify the type
[2025-08-18 19:52:12 UTC+02:00] [349488] [TweakDB::SetFlat] Type for <TDBID:4D7A8590:3F> is ambiguous, use third parameter to specify the type
[2025-08-18 19:52:12 UTC+02:00] [349488] [TweakDB::SetFlat] Type for <TDBID:358EC652:37> is ambiguous, use third parameter to specify the type
[2025-08-18 19:52:12 UTC+02:00] [349488] [TweakDB::SetFlat] Type for <TDBID:9341DD7C:3D> is ambiguous, use third parameter to specify the type
[2025-08-18 19:52:12 UTC+02:00] [349488] [TweakDB::SetFlat] Type for <TDBID:D28EB679:1F> is ambiguous, use third parameter to specify the type
[2025-08-18 19:52:12 UTC+02:00] [349488] [TweakDB::SetFlat] Type for <TDBID:AB550E63:25> is ambiguous, use third parameter to specify the type
[2025-08-18 19:52:12 UTC+02:00] [349488] [TweakDB::SetFlat] Type for <TDBID:E1C44C45:33> is ambiguous, use third parameter to specify the type
[2025-08-18 19:52:12 UTC+02:00] [349488] [TweakDB::SetFlat] Type for <TDBID:08ED62D9:39> is ambiguous, use third parameter to specify the type
[2025-08-18 19:52:12 UTC+02:00] [349488] [TweakDB::SetFlat] Type for <TDBID:7EEE0BB2:3D> is ambiguous, use third parameter to specify the type
[2025-08-18 19:52:12 UTC+02:00] [349488] [TweakDB::SetFlat] Type for <TDBID:D3697FB6:43> is ambiguous, use third parameter to specify the type
[2025-08-18 19:52:12 UTC+02:00] [349488] [TweakDB::SetFlat] Type for <TDBID:8A4B5031:3C> is ambiguous, use third parameter to specify the type
[2025-08-18 19:52:12 UTC+02:00] [349488] [TweakDB::SetFlat] Type for <TDBID:CCF6D521:42> is ambiguous, use third parameter to specify the type
[2025-08-18 19:52:12 UTC+02:00] [349488] [TweakDB::SetFlat] Type for <TDBID:FFD4A6A8:37> is ambiguous, use third parameter to specify the type
[2025-08-18 19:52:12 UTC+02:00] [349488] [TweakDB::SetFlat] Type for <TDBID:86F26C1E:3D> is ambiguous, use third parameter to specify the type
[2025-08-18 19:52:12 UTC+02:00] [349488] [TweakDB::SetFlat] Type for <TDBID:5227C183:3B> is ambiguous, use third parameter to specify the type
[2025-08-18 19:52:12 UTC+02:00] [349488] [TweakDB::SetFlat] Type for <TDBID:85F845CC:41> is ambiguous, use third parameter to specify the type
[2025-08-18 19:52:12 UTC+02:00] [349488] [TweakDB::SetFlat] Type for <TDBID:65FA593D:3E> is ambiguous, use third parameter to specify the type
[2025-08-18 19:52:12 UTC+02:00] [349488] [TweakDB::SetFlat] Type for <TDBID:B154C949:44> is ambiguous, use third parameter to specify the type
[2025-08-18 19:52:12 UTC+02:00] [349488] [TweakDB::SetFlat] Type for <TDBID:AA78F770:36> is ambiguous, use third parameter to specify the type
[2025-08-18 19:52:12 UTC+02:00] [349488] [TweakDB::SetFlat] Type for <TDBID:10265EC1:3C> is ambiguous, use third parameter to specify the type
[2025-08-18 19:52:12 UTC+02:00] [349488] [TweakDB::SetFlat] Type for <TDBID:FFF1F046:36> is ambiguous, use third parameter to specify the type
[2025-08-18 19:52:12 UTC+02:00] [349488] [TweakDB::SetFlat] Type for <TDBID:8A03738B:3C> is ambiguous, use third parameter to specify the type
[2025-08-18 19:52:12 UTC+02:00] [349488] [TweakDB::SetFlat] Type for <TDBID:6CC116CA:3C> is ambiguous, use third parameter to specify the type
[2025-08-18 19:52:12 UTC+02:00] [349488] [TweakDB::SetFlat] Type for <TDBID:4B9B6B5F:42> is ambiguous, use third parameter to specify the type
[2025-08-18 19:52:12 UTC+02:00] [349488] [TweakDB::SetFlat] Type for <TDBID:7A0E7271:30> is ambiguous, use third parameter to specify the type
[2025-08-18 19:52:12 UTC+02:00] [349488] [TweakDB::SetFlat] Type for <TDBID:61A178F6:36> is ambiguous, use third parameter to specify the type
[2025-08-18 19:52:12 UTC+02:00] [349488] [TweakDB::SetFlat] Type for <TDBID:D0AD5D73:3D> is ambiguous, use third parameter to specify the type
[2025-08-18 19:52:12 UTC+02:00] [349488] [TweakDB::SetFlat] Type for <TDBID:E4C90F75:43> is ambiguous, use third parameter to specify the type
[2025-08-18 19:52:12 UTC+02:00] [349488] [TweakDB::SetFlat] Type for <TDBID:E742ADED:3A> is ambiguous, use third parameter to specify the type
[2025-08-18 19:52:12 UTC+02:00] [349488] [TweakDB::SetFlat] Type for <TDBID:24A98A60:40> is ambiguous, use third parameter to specify the type
[2025-08-18 19:52:12 UTC+02:00] [349488] [TweakDB::SetFlat] Type for <TDBID:6692A74B:3C> is ambiguous, use third parameter to specify the type
[2025-08-18 19:52:12 UTC+02:00] [349488] [TweakDB::SetFlat] Type for <TDBID:67FFA81C:42> is ambiguous, use third parameter to specify the type
[2025-08-18 19:52:12 UTC+02:00] [349488] [TweakDB::SetFlat] Type for <TDBID:6425E701:38> is ambiguous, use third parameter to specify the type
[2025-08-18 19:52:12 UTC+02:00] [349488] [TweakDB::SetFlat] Type for <TDBID:12EE7B12:3E> is ambiguous, use third parameter to specify the type
[2025-08-18 19:52:12 UTC+02:00] [349488] [TweakDB::SetFlat] Type for <TDBID:33A0A05D:32> is ambiguous, use third parameter to specify the type
[2025-08-18 19:52:12 UTC+02:00] [349488] [TweakDB::SetFlat] Type for <TDBID:300549FB:38> is ambiguous, use third parameter to specify the type
[2025-08-18 19:52:12 UTC+02:00] [349488] [TweakDB::SetFlat] Type for <TDBID:F7CDAEC9:37> is ambiguous, use third parameter to specify the type
[2025-08-18 19:52:12 UTC+02:00] [349488] [TweakDB::SetFlat] Type for <TDBID:5628B28D:3D> is ambiguous, use third parameter to specify the type
[2025-08-18 19:52:12 UTC+02:00] [349488] [TweakDB::SetFlat] Type for <TDBID:D78AAE79:39> is ambiguous, use third parameter to specify the type
[2025-08-18 19:52:12 UTC+02:00] [349488] [TweakDB::SetFlat] Type for <TDBID:726C879C:3F> is ambiguous, use third parameter to specify the type
[2025-08-18 19:52:12 UTC+02:00] [349488] [TweakDB::SetFlat] Type for <TDBID:9CDA507D:28> is ambiguous, use third parameter to specify the type
[2025-08-18 19:52:12 UTC+02:00] [349488] [TweakDB::SetFlat] Type for <TDBID:A93B4635:2E> is ambiguous, use third parameter to specify the type
[2025-08-18 19:52:12 UTC+02:00] [349488] [TweakDB::SetFlat] Type for <TDBID:57B4D7F4:35> is ambiguous, use third parameter to specify the type
[2025-08-18 19:52:12 UTC+02:00] [349488] [TweakDB::SetFlat] Type for <TDBID:D5419636:3B> is ambiguous, use third parameter to specify the type
[2025-08-18 19:52:12 UTC+02:00] [349488] [TweakDB::SetFlat] Type for <TDBID:93BDD8D7:33> is ambiguous, use third parameter to specify the type
[2025-08-18 19:52:12 UTC+02:00] [349488] [TweakDB::SetFlat] Type for <TDBID:3D870769:39> is ambiguous, use third parameter to specify the type
[2025-08-18 19:52:12 UTC+02:00] [349488] [TweakDB::SetFlat] Type for <TDBID:7B74019F:3B> is ambiguous, use third parameter to specify the type
[2025-08-18 19:52:12 UTC+02:00] [349488] [TweakDB::SetFlat] Type for <TDBID:F6DDB2D4:41> is ambiguous, use third parameter to specify the type
[2025-08-18 19:52:12 UTC+02:00] [349488] [TweakDB::SetFlat] Type for <TDBID:2DC8DD74:3C> is ambiguous, use third parameter to specify the type
[2025-08-18 19:52:12 UTC+02:00] [349488] [TweakDB::SetFlat] Type for <TDBID:F9CE68ED:42> is ambiguous, use third parameter to specify the type
[2025-08-18 19:52:12 UTC+02:00] [349488] [TweakDB::SetFlat] Type for <TDBID:8D14DDEE:37> is ambiguous, use third parameter to specify the type
[2025-08-18 19:52:12 UTC+02:00] [349488] [TweakDB::SetFlat] Type for <TDBID:F0C90689:3D> is ambiguous, use third parameter to specify the type
[2025-08-18 19:52:12 UTC+02:00] [349488] [TweakDB::SetFlat] Type for <TDBID:934F9782:35> is ambiguous, use third parameter to specify the type
[2025-08-18 19:52:12 UTC+02:00] [349488] [TweakDB::SetFlat] Type for <TDBID:97088F99:3B> is ambiguous, use third parameter to specify the type
[2025-08-18 19:52:12 UTC+02:00] [349488] [TweakDB::SetFlat] Type for <TDBID:B2AFEC23:35> is ambiguous, use third parameter to specify the type
[2025-08-18 19:52:12 UTC+02:00] [349488] [TweakDB::SetFlat] Type for <TDBID:24BAF1E3:3B> is ambiguous, use third parameter to specify the type
[2025-08-18 19:52:12 UTC+02:00] [349488] [TweakDB::SetFlat] Type for <TDBID:F0B66379:3A> is ambiguous, use third parameter to specify the type
[2025-08-18 19:52:12 UTC+02:00] [349488] [TweakDB::SetFlat] Type for <TDBID:E416BC8A:40> is ambiguous, use third parameter to specify the type
[2025-08-18 19:52:12 UTC+02:00] [349488] [TweakDB::SetFlat] Type for <TDBID:785D2E7C:45> is ambiguous, use third parameter to specify the type
[2025-08-18 19:52:12 UTC+02:00] [349488] [TweakDB::SetFlat] Type for <TDBID:FAE03DC0:4B> is ambiguous, use third parameter to specify the type
[2025-08-18 19:52:12 UTC+02:00] [349488] [TweakDB::SetFlat] Type for <TDBID:D95C3137:3A> is ambiguous, use third parameter to specify the type
[2025-08-18 19:52:12 UTC+02:00] [349488] [TweakDB::SetFlat] Type for <TDBID:1DC9970E:40> is ambiguous, use third parameter to specify the type
[2025-08-18 19:52:12 UTC+02:00] [349488] [TweakDB::SetFlat] Type for <TDBID:5C6039B3:33> is ambiguous, use third parameter to specify the type
[2025-08-18 19:52:12 UTC+02:00] [349488] [TweakDB::SetFlat] Type for <TDBID:F59B1473:39> is ambiguous, use third parameter to specify the type
[2025-08-18 19:52:12 UTC+02:00] [349488] [TweakDB::SetFlat] Type for <TDBID:7B8966AA:38> is ambiguous, use third parameter to specify the type
[2025-08-18 19:52:12 UTC+02:00] [349488] [TweakDB::SetFlat] Type for <TDBID:FD7441ED:3E> is ambiguous, use third parameter to specify the type
[2025-08-18 19:52:12 UTC+02:00] [349488] [TweakDB::SetFlat] Type for <TDBID:7A4D4C9B:3A> is ambiguous, use third parameter to specify the type
[2025-08-18 19:52:12 UTC+02:00] [349488] [TweakDB::SetFlat] Type for <TDBID:41CEB126:40> is ambiguous, use third parameter to specify the type
[2025-08-18 19:52:12 UTC+02:00] [349488] [TweakDB::SetFlat] Type for <TDBID:E7019307:30> is ambiguous, use third parameter to specify the type
[2025-08-18 19:52:12 UTC+02:00] [349488] [TweakDB::SetFlat] Type for <TDBID:04C643B0:36> is ambiguous, use third parameter to specify the type
[2025-08-18 19:52:12 UTC+02:00] [349488] [TweakDB::SetFlat] Type for <TDBID:2408F363:37> is ambiguous, use third parameter to specify the type
[2025-08-18 19:52:12 UTC+02:00] [349488] [TweakDB::SetFlat] Type for <TDBID:E0701E22:3D> is ambiguous, use third parameter to specify the type
[2025-08-18 19:52:12 UTC+02:00] [349488] [TweakDB::SetFlat] Type for <TDBID:546B9366:3B> is ambiguous, use third parameter to specify the type
[2025-08-18 19:52:12 UTC+02:00] [349488] [TweakDB::SetFlat] Type for <TDBID:54EDC861:41> is ambiguous, use third parameter to specify the type
[2025-08-18 19:52:12 UTC+02:00] [349488] [TweakDB::SetFlat] Type for <TDBID:748B5593:33> is ambiguous, use third parameter to specify the type
[2025-08-18 19:52:12 UTC+02:00] [349488] [TweakDB::SetFlat] Type for <TDBID:99D55A68:39> is ambiguous, use third parameter to specify the type
[2025-08-18 19:52:12 UTC+02:00] [349488] [TweakDB::SetFlat] Type for <TDBID:D960D272:39> is ambiguous, use third parameter to specify the type
[2025-08-18 19:52:12 UTC+02:00] [349488] [TweakDB::SetFlat] Type for <TDBID:97D5F6C7:3F> is ambiguous, use third parameter to specify the type
[2025-08-18 19:52:12 UTC+02:00] [349488] [TweakDB::SetFlat] Type for <TDBID:37830386:41> is ambiguous, use third parameter to specify the type
[2025-08-18 19:52:12 UTC+02:00] [349488] [TweakDB::SetFlat] Type for <TDBID:CAF5E85D:47> is ambiguous, use third parameter to specify the type
[2025-08-18 19:52:12 UTC+02:00] [349488] [TweakDB::SetFlat] Type for <TDBID:E1B460C5:35> is ambiguous, use third parameter to specify the type
[2025-08-18 19:52:12 UTC+02:00] [349488] [TweakD